
> girify@0.2.0 type-check
> tsc --noEmit

src/features/game/components/StreetsFetcher.tsx(111,36): error TS2538: Type 'undefined' cannot be used as an index type.
src/features/game/hooks/useStreets.ts(109,42): error TS2532: Object is possibly 'undefined'.
src/features/game/hooks/useStreets.ts(144,62): error TS2532: Object is possibly 'undefined'.
src/hooks/useAnnouncements.ts(30,32): error TS2345: Argument of type 'Announcement | undefined' is not assignable to parameter of type 'SetStateAction<Announcement | null>'.
  Type 'undefined' is not assignable to type 'SetStateAction<Announcement | null>'.
src/services/userMigration.ts(43,7): error TS18048: 'coreName' is possibly 'undefined'.
src/utils/quests.ts(47,5): error TS2322: Type '{ id: string; title: string; description: string; criteriaType: string; criteriaValue: string; rewardGiuros: number | null; activeDate: string | undefined; isActive: boolean | null; createdAt: number; }[]' is not assignable to type 'Quest[]'.
  Type '{ id: string; title: string; description: string; criteriaType: string; criteriaValue: string; rewardGiuros: number | null; activeDate: string | undefined; isActive: boolean | null; createdAt: number; }' is not assignable to type 'Quest'.
    Types of property 'criteriaType' are incompatible.
      Type 'string' is not assignable to type '"find_street" | "score_attack" | "district_explorer" | "login_streak"'.
src/utils/quests.ts(56,27): error TS2769: No overload matches this call.
  Overload 1 of 4, '(value: string | number | Date): Date', gave the following error.
    Argument of type 'string | null' is not assignable to parameter of type 'string | number | Date'.
      Type 'null' is not assignable to type 'string | number | Date'.
  Overload 2 of 4, '(value: string | number): Date', gave the following error.
    Argument of type 'string | null' is not assignable to parameter of type 'string | number'.
      Type 'null' is not assignable to type 'string | number'.
src/utils/social.ts(186,31): error TS2532: Object is possibly 'undefined'.
src/utils/social.ts(472,3): error TS2322: Type '{ id: string; username: string; text: string; status: "pending" | "rejected" | "approved"; reward: number | null; createdAt: string | undefined; approvedAt: string | undefined; rejectedAt: string | undefined; notified: boolean | null; }[]' is not assignable to type 'FeedbackItem[]'.
  Type '{ id: string; username: string; text: string; status: "pending" | "rejected" | "approved"; reward: number | null; createdAt: string | undefined; approvedAt: string | undefined; rejectedAt: string | undefined; notified: boolean | null; }' is not assignable to type 'FeedbackItem'.
    Types of property 'notified' are incompatible.
      Type 'boolean | null' is not assignable to type 'boolean | undefined'.
        Type 'null' is not assignable to type 'boolean | undefined'.
src/utils/social.ts(929,7): error TS2322: Type 'string | undefined' is not assignable to type 'string'.
  Type 'undefined' is not assignable to type 'string'.
src/utils/social.ts(932,19): error TS2322: Type 'string | undefined' is not assignable to type 'string'.
  Type 'undefined' is not assignable to type 'string'.
