{"/Users/robertosanchezgallego/Desktop/Girify/src/components/GameScreen.tsx": {"path":"/Users/robertosanchezgallego/Desktop/Girify/src/components/GameScreen.tsx","statementMap":{"0":{"start":{"line":35,"column":40},"end":{"line":294,"column":null}},"1":{"start":{"line":49,"column":42},"end":{"line":52,"column":null}},"2":{"start":{"line":50,"column":22},"end":{"line":50,"column":null}},"3":{"start":{"line":51,"column":4},"end":{"line":51,"column":null}},"4":{"start":{"line":55,"column":2},"end":{"line":67,"column":null}},"5":{"start":{"line":56,"column":31},"end":{"line":64,"column":null}},"6":{"start":{"line":57,"column":6},"end":{"line":62,"column":null}},"7":{"start":{"line":58,"column":20},"end":{"line":58,"column":null}},"8":{"start":{"line":59,"column":8},"end":{"line":59,"column":null}},"9":{"start":{"line":60,"column":8},"end":{"line":60,"column":null}},"10":{"start":{"line":61,"column":8},"end":{"line":61,"column":null}},"11":{"start":{"line":63,"column":6},"end":{"line":63,"column":null}},"12":{"start":{"line":65,"column":4},"end":{"line":65,"column":null}},"13":{"start":{"line":66,"column":4},"end":{"line":66,"column":null}},"14":{"start":{"line":66,"column":17},"end":{"line":66,"column":null}},"15":{"start":{"line":69,"column":27},"end":{"line":78,"column":null}},"16":{"start":{"line":70,"column":4},"end":{"line":77,"column":null}},"17":{"start":{"line":71,"column":6},"end":{"line":71,"column":null}},"18":{"start":{"line":72,"column":6},"end":{"line":74,"column":null}},"19":{"start":{"line":73,"column":8},"end":{"line":73,"column":null}},"20":{"start":{"line":75,"column":4},"end":{"line":77,"column":null}},"21":{"start":{"line":76,"column":6},"end":{"line":76,"column":null}},"22":{"start":{"line":80,"column":2},"end":{"line":292,"column":null}},"23":{"start":{"line":106,"column":39},"end":{"line":106,"column":null}},"24":{"start":{"line":129,"column":37},"end":{"line":129,"column":null}},"25":{"start":{"line":130,"column":22},"end":{"line":132,"column":null}},"26":{"start":{"line":131,"column":24},"end":{"line":131,"column":null}},"27":{"start":{"line":133,"column":22},"end":{"line":137,"column":null}},"28":{"start":{"line":134,"column":24},"end":{"line":134,"column":null}},"29":{"start":{"line":136,"column":24},"end":{"line":136,"column":null}},"30":{"start":{"line":150,"column":34},"end":{"line":150,"column":null}},"31":{"start":{"line":195,"column":31},"end":{"line":195,"column":null}},"32":{"start":{"line":217,"column":25},"end":{"line":217,"column":null}},"33":{"start":{"line":218,"column":12},"end":{"line":222,"column":null}},"34":{"start":{"line":219,"column":14},"end":{"line":219,"column":null}},"35":{"start":{"line":221,"column":14},"end":{"line":221,"column":null}},"36":{"start":{"line":225,"column":12},"end":{"line":225,"column":null}},"37":{"start":{"line":255,"column":14},"end":{"line":255,"column":null}},"38":{"start":{"line":256,"column":14},"end":{"line":260,"column":null}},"39":{"start":{"line":257,"column":16},"end":{"line":257,"column":null}},"40":{"start":{"line":259,"column":16},"end":{"line":259,"column":null}},"41":{"start":{"line":283,"column":29},"end":{"line":283,"column":null}},"42":{"start":{"line":291,"column":59},"end":{"line":291,"column":85}}},"fnMap":{"0":{"name":"(anonymous_0)","decl":{"start":{"line":35,"column":40},"end":{"line":35,"column":41}},"loc":{"start":{"line":48,"column":6},"end":{"line":294,"column":null}},"line":48},"1":{"name":"(anonymous_1)","decl":{"start":{"line":49,"column":64},"end":{"line":49,"column":70}},"loc":{"start":{"line":49,"column":70},"end":{"line":52,"column":3}},"line":49},"2":{"name":"(anonymous_2)","decl":{"start":{"line":55,"column":12},"end":{"line":55,"column":18}},"loc":{"start":{"line":55,"column":18},"end":{"line":67,"column":5}},"line":55},"3":{"name":"(anonymous_3)","decl":{"start":{"line":56,"column":31},"end":{"line":56,"column":32}},"loc":{"start":{"line":56,"column":57},"end":{"line":64,"column":null}},"line":56},"4":{"name":"(anonymous_4)","decl":{"start":{"line":66,"column":11},"end":{"line":66,"column":17}},"loc":{"start":{"line":66,"column":17},"end":{"line":66,"column":null}},"line":66},"5":{"name":"(anonymous_5)","decl":{"start":{"line":69,"column":27},"end":{"line":69,"column":33}},"loc":{"start":{"line":69,"column":33},"end":{"line":78,"column":null}},"line":69},"6":{"name":"(anonymous_6)","decl":{"start":{"line":72,"column":17},"end":{"line":72,"column":23}},"loc":{"start":{"line":72,"column":23},"end":{"line":74,"column":9}},"line":72},"7":{"name":"(anonymous_7)","decl":{"start":{"line":106,"column":33},"end":{"line":106,"column":39}},"loc":{"start":{"line":106,"column":39},"end":{"line":106,"column":null}},"line":106},"8":{"name":"(anonymous_8)","decl":{"start":{"line":128,"column":30},"end":{"line":128,"column":40}},"loc":{"start":{"line":128,"column":40},"end":{"line":138,"column":null}},"line":128},"9":{"name":"(anonymous_9)","decl":{"start":{"line":150,"column":28},"end":{"line":150,"column":34}},"loc":{"start":{"line":150,"column":34},"end":{"line":150,"column":null}},"line":150},"10":{"name":"(anonymous_10)","decl":{"start":{"line":195,"column":25},"end":{"line":195,"column":31}},"loc":{"start":{"line":195,"column":31},"end":{"line":195,"column":null}},"line":195},"11":{"name":"(anonymous_11)","decl":{"start":{"line":216,"column":19},"end":{"line":216,"column":25}},"loc":{"start":{"line":216,"column":25},"end":{"line":223,"column":null}},"line":216},"12":{"name":"(anonymous_12)","decl":{"start":{"line":224,"column":19},"end":{"line":224,"column":25}},"loc":{"start":{"line":224,"column":25},"end":{"line":226,"column":null}},"line":224},"13":{"name":"(anonymous_13)","decl":{"start":{"line":254,"column":21},"end":{"line":254,"column":27}},"loc":{"start":{"line":254,"column":27},"end":{"line":261,"column":null}},"line":254},"14":{"name":"(anonymous_14)","decl":{"start":{"line":283,"column":23},"end":{"line":283,"column":29}},"loc":{"start":{"line":283,"column":29},"end":{"line":283,"column":null}},"line":283},"15":{"name":"(anonymous_15)","decl":{"start":{"line":291,"column":53},"end":{"line":291,"column":59}},"loc":{"start":{"line":291,"column":59},"end":{"line":291,"column":85}},"line":291}},"branchMap":{"0":{"loc":{"start":{"line":51,"column":11},"end":{"line":51,"column":null}},"type":"binary-expr","locations":[{"start":{"line":51,"column":11},"end":{"line":51,"column":25}},{"start":{"line":51,"column":25},"end":{"line":51,"column":null}}],"line":51},"1":{"loc":{"start":{"line":57,"column":6},"end":{"line":62,"column":null}},"type":"if","locations":[{"start":{"line":57,"column":6},"end":{"line":62,"column":null}},{"start":{},"end":{}}],"line":57},"2":{"loc":{"start":{"line":58,"column":20},"end":{"line":58,"column":null}},"type":"binary-expr","locations":[{"start":{"line":58,"column":20},"end":{"line":58,"column":44}},{"start":{"line":58,"column":44},"end":{"line":58,"column":null}}],"line":58},"3":{"loc":{"start":{"line":70,"column":4},"end":{"line":77,"column":null}},"type":"if","locations":[{"start":{"line":70,"column":4},"end":{"line":77,"column":null}},{"start":{"line":75,"column":4},"end":{"line":77,"column":null}}],"line":70},"4":{"loc":{"start":{"line":70,"column":8},"end":{"line":70,"column":63}},"type":"binary-expr","locations":[{"start":{"line":70,"column":8},"end":{"line":70,"column":41}},{"start":{"line":70,"column":41},"end":{"line":70,"column":63}}],"line":70},"5":{"loc":{"start":{"line":75,"column":4},"end":{"line":77,"column":null}},"type":"if","locations":[{"start":{"line":75,"column":4},"end":{"line":77,"column":null}},{"start":{},"end":{}}],"line":75},"6":{"loc":{"start":{"line":82,"column":91},"end":{"line":82,"column":166}},"type":"cond-expr","locations":[{"start":{"line":82,"column":110},"end":{"line":82,"column":138}},{"start":{"line":82,"column":138},"end":{"line":82,"column":166}}],"line":82},"7":{"loc":{"start":{"line":84,"column":7},"end":{"line":88,"column":null}},"type":"binary-expr","locations":[{"start":{"line":84,"column":7},"end":{"line":84,"column":null}},{"start":{"line":85,"column":8},"end":{"line":88,"column":null}}],"line":84},"8":{"loc":{"start":{"line":92,"column":34},"end":{"line":92,"column":101}},"type":"cond-expr","locations":[{"start":{"line":92,"column":78},"end":{"line":92,"column":91}},{"start":{"line":92,"column":91},"end":{"line":92,"column":101}}],"line":92},"9":{"loc":{"start":{"line":96,"column":45},"end":{"line":96,"column":138}},"type":"cond-expr","locations":[{"start":{"line":96,"column":89},"end":{"line":96,"column":115}},{"start":{"line":96,"column":115},"end":{"line":96,"column":138}}],"line":96},"10":{"loc":{"start":{"line":99,"column":27},"end":{"line":99,"column":null}},"type":"binary-expr","locations":[{"start":{"line":99,"column":27},"end":{"line":99,"column":44}},{"start":{"line":99,"column":44},"end":{"line":99,"column":null}}],"line":99},"11":{"loc":{"start":{"line":101,"column":14},"end":{"line":103,"column":null}},"type":"cond-expr","locations":[{"start":{"line":102,"column":18},"end":{"line":102,"column":null}},{"start":{"line":103,"column":18},"end":{"line":103,"column":null}}],"line":101},"12":{"loc":{"start":{"line":111,"column":9},"end":{"line":165,"column":null}},"type":"binary-expr","locations":[{"start":{"line":111,"column":9},"end":{"line":111,"column":null}},{"start":{"line":112,"column":10},"end":{"line":165,"column":null}}],"line":111},"13":{"loc":{"start":{"line":117,"column":20},"end":{"line":119,"column":null}},"type":"cond-expr","locations":[{"start":{"line":118,"column":24},"end":{"line":118,"column":null}},{"start":{"line":119,"column":24},"end":{"line":119,"column":null}}],"line":117},"14":{"loc":{"start":{"line":130,"column":22},"end":{"line":132,"column":null}},"type":"if","locations":[{"start":{"line":130,"column":22},"end":{"line":132,"column":null}},{"start":{},"end":{}}],"line":130},"15":{"loc":{"start":{"line":133,"column":22},"end":{"line":137,"column":null}},"type":"if","locations":[{"start":{"line":133,"column":22},"end":{"line":137,"column":null}},{"start":{"line":135,"column":29},"end":{"line":137,"column":null}}],"line":133},"16":{"loc":{"start":{"line":154,"column":17},"end":{"line":161,"column":null}},"type":"binary-expr","locations":[{"start":{"line":154,"column":17},"end":{"line":154,"column":null}},{"start":{"line":155,"column":18},"end":{"line":161,"column":null}}],"line":154},"17":{"loc":{"start":{"line":160,"column":30},"end":{"line":160,"column":null}},"type":"binary-expr","locations":[{"start":{"line":160,"column":30},"end":{"line":160,"column":55}},{"start":{"line":160,"column":55},"end":{"line":160,"column":null}}],"line":160},"18":{"loc":{"start":{"line":170,"column":7},"end":{"line":208,"column":null}},"type":"binary-expr","locations":[{"start":{"line":170,"column":7},"end":{"line":170,"column":38}},{"start":{"line":170,"column":38},"end":{"line":170,"column":null}},{"start":{"line":171,"column":8},"end":{"line":208,"column":null}}],"line":170},"19":{"loc":{"start":{"line":177,"column":110},"end":{"line":177,"column":162}},"type":"cond-expr","locations":[{"start":{"line":177,"column":129},"end":{"line":177,"column":149}},{"start":{"line":177,"column":149},"end":{"line":177,"column":162}}],"line":177},"20":{"loc":{"start":{"line":184,"column":67},"end":{"line":184,"column":117}},"type":"cond-expr","locations":[{"start":{"line":184,"column":86},"end":{"line":184,"column":101}},{"start":{"line":184,"column":101},"end":{"line":184,"column":117}}],"line":184},"21":{"loc":{"start":{"line":186,"column":17},"end":{"line":186,"column":null}},"type":"binary-expr","locations":[{"start":{"line":186,"column":17},"end":{"line":186,"column":36}},{"start":{"line":186,"column":36},"end":{"line":186,"column":null}}],"line":186},"22":{"loc":{"start":{"line":189,"column":56},"end":{"line":189,"column":110}},"type":"cond-expr","locations":[{"start":{"line":189,"column":75},"end":{"line":189,"column":94}},{"start":{"line":189,"column":94},"end":{"line":189,"column":110}}],"line":189},"23":{"loc":{"start":{"line":191,"column":17},"end":{"line":191,"column":52}},"type":"binary-expr","locations":[{"start":{"line":191,"column":17},"end":{"line":191,"column":37}},{"start":{"line":191,"column":37},"end":{"line":191,"column":52}}],"line":191},"24":{"loc":{"start":{"line":192,"column":17},"end":{"line":192,"column":97}},"type":"cond-expr","locations":[{"start":{"line":192,"column":39},"end":{"line":192,"column":91}},{"start":{"line":192,"column":91},"end":{"line":192,"column":97}}],"line":192},"25":{"loc":{"start":{"line":192,"column":39},"end":{"line":192,"column":91}},"type":"binary-expr","locations":[{"start":{"line":192,"column":39},"end":{"line":192,"column":57}},{"start":{"line":192,"column":57},"end":{"line":192,"column":91}}],"line":192},"26":{"loc":{"start":{"line":197,"column":18},"end":{"line":199,"column":null}},"type":"cond-expr","locations":[{"start":{"line":198,"column":22},"end":{"line":198,"column":null}},{"start":{"line":199,"column":22},"end":{"line":199,"column":null}}],"line":197},"27":{"loc":{"start":{"line":203,"column":19},"end":{"line":203,"column":null}},"type":"cond-expr","locations":[{"start":{"line":203,"column":38},"end":{"line":203,"column":64}},{"start":{"line":203,"column":64},"end":{"line":203,"column":null}}],"line":203},"28":{"loc":{"start":{"line":203,"column":38},"end":{"line":203,"column":64}},"type":"binary-expr","locations":[{"start":{"line":203,"column":38},"end":{"line":203,"column":53}},{"start":{"line":203,"column":53},"end":{"line":203,"column":64}}],"line":203},"29":{"loc":{"start":{"line":203,"column":64},"end":{"line":203,"column":null}},"type":"binary-expr","locations":[{"start":{"line":203,"column":64},"end":{"line":203,"column":77}},{"start":{"line":203,"column":77},"end":{"line":203,"column":null}}],"line":203},"30":{"loc":{"start":{"line":212,"column":7},"end":{"line":227,"column":null}},"type":"binary-expr","locations":[{"start":{"line":212,"column":7},"end":{"line":212,"column":38}},{"start":{"line":212,"column":38},"end":{"line":212,"column":null}},{"start":{"line":213,"column":8},"end":{"line":227,"column":null}}],"line":212},"31":{"loc":{"start":{"line":218,"column":12},"end":{"line":222,"column":null}},"type":"if","locations":[{"start":{"line":218,"column":12},"end":{"line":222,"column":null}},{"start":{"line":220,"column":19},"end":{"line":222,"column":null}}],"line":218},"32":{"loc":{"start":{"line":230,"column":7},"end":{"line":266,"column":null}},"type":"binary-expr","locations":[{"start":{"line":230,"column":7},"end":{"line":230,"column":null}},{"start":{"line":231,"column":8},"end":{"line":266,"column":null}}],"line":230},"33":{"loc":{"start":{"line":232,"column":157},"end":{"line":232,"column":238}},"type":"cond-expr","locations":[{"start":{"line":232,"column":176},"end":{"line":232,"column":207}},{"start":{"line":232,"column":207},"end":{"line":232,"column":238}}],"line":232},"34":{"loc":{"start":{"line":256,"column":14},"end":{"line":260,"column":null}},"type":"if","locations":[{"start":{"line":256,"column":14},"end":{"line":260,"column":null}},{"start":{"line":258,"column":21},"end":{"line":260,"column":null}}],"line":256},"35":{"loc":{"start":{"line":264,"column":13},"end":{"line":264,"column":null}},"type":"cond-expr","locations":[{"start":{"line":264,"column":30},"end":{"line":264,"column":45}},{"start":{"line":264,"column":45},"end":{"line":264,"column":null}}],"line":264},"36":{"loc":{"start":{"line":269,"column":7},"end":{"line":270,"column":null}},"type":"binary-expr","locations":[{"start":{"line":269,"column":7},"end":{"line":269,"column":null}},{"start":{"line":270,"column":8},"end":{"line":270,"column":null}}],"line":269},"37":{"loc":{"start":{"line":273,"column":7},"end":{"line":288,"column":null}},"type":"binary-expr","locations":[{"start":{"line":273,"column":7},"end":{"line":273,"column":null}},{"start":{"line":274,"column":8},"end":{"line":288,"column":null}}],"line":273},"38":{"loc":{"start":{"line":280,"column":22},"end":{"line":280,"column":null}},"type":"binary-expr","locations":[{"start":{"line":280,"column":22},"end":{"line":280,"column":40}},{"start":{"line":280,"column":40},"end":{"line":280,"column":null}}],"line":280},"39":{"loc":{"start":{"line":281,"column":22},"end":{"line":281,"column":null}},"type":"binary-expr","locations":[{"start":{"line":281,"column":22},"end":{"line":281,"column":40}},{"start":{"line":281,"column":40},"end":{"line":281,"column":null}}],"line":281},"40":{"loc":{"start":{"line":291,"column":7},"end":{"line":291,"column":null}},"type":"binary-expr","locations":[{"start":{"line":291,"column":7},"end":{"line":291,"column":25}},{"start":{"line":291,"column":25},"end":{"line":291,"column":null}}],"line":291}},"s":{"0":1,"1":6,"2":6,"3":6,"4":6,"5":6,"6":0,"7":0,"8":0,"9":0,"10":0,"11":0,"12":6,"13":6,"14":6,"15":6,"16":0,"17":0,"18":0,"19":0,"20":0,"21":0,"22":6,"23":0,"24":0,"25":0,"26":0,"27":0,"28":0,"29":0,"30":0,"31":1,"32":0,"33":0,"34":0,"35":0,"36":0,"37":0,"38":0,"39":0,"40":0,"41":0,"42":0},"f":{"0":6,"1":6,"2":6,"3":0,"4":6,"5":0,"6":0,"7":0,"8":0,"9":0,"10":1,"11":0,"12":0,"13":0,"14":0,"15":0},"b":{"0":[6,6],"1":[0,0],"2":[0,0],"3":[0,0],"4":[0,0],"5":[0,0],"6":[0,6],"7":[6,1],"8":[0,6],"9":[0,6],"10":[6,6],"11":[1,5],"12":[6,1],"13":[0,1],"14":[0,0],"15":[0,0],"16":[1,1],"17":[1,1],"18":[6,3,2],"19":[0,2],"20":[0,2],"21":[2,0],"22":[0,2],"23":[2,0],"24":[2,0],"25":[2,2],"26":[0,2],"27":[0,2],"28":[0,0],"29":[2,0],"30":[6,3,1],"31":[0,0],"32":[6,0],"33":[0,0],"34":[0,0],"35":[0,0],"36":[6,1],"37":[6,1],"38":[1,0],"39":[1,0],"40":[6,2]},"meta":{"lastBranch":41,"lastFunction":16,"lastStatement":43,"seen":{"s:35:40:294:Infinity":0,"f:35:40:35:41":0,"s:49:42:52:Infinity":1,"f:49:64:49:70":1,"s:50:22:50:Infinity":2,"s:51:4:51:Infinity":3,"b:51:11:51:25:51:25:51:Infinity":0,"s:55:2:67:Infinity":4,"f:55:12:55:18":2,"s:56:31:64:Infinity":5,"f:56:31:56:32":3,"b:57:6:62:Infinity:undefined:undefined:undefined:undefined":1,"s:57:6:62:Infinity":6,"s:58:20:58:Infinity":7,"b:58:20:58:44:58:44:58:Infinity":2,"s:59:8:59:Infinity":8,"s:60:8:60:Infinity":9,"s:61:8:61:Infinity":10,"s:63:6:63:Infinity":11,"s:65:4:65:Infinity":12,"s:66:4:66:Infinity":13,"f:66:11:66:17":4,"s:66:17:66:Infinity":14,"s:69:27:78:Infinity":15,"f:69:27:69:33":5,"b:70:4:77:Infinity:75:4:77:Infinity":3,"s:70:4:77:Infinity":16,"b:70:8:70:41:70:41:70:63":4,"s:71:6:71:Infinity":17,"s:72:6:74:Infinity":18,"f:72:17:72:23":6,"s:73:8:73:Infinity":19,"b:75:4:77:Infinity:undefined:undefined:undefined:undefined":5,"s:75:4:77:Infinity":20,"s:76:6:76:Infinity":21,"s:80:2:292:Infinity":22,"b:82:110:82:138:82:138:82:166":6,"b:84:7:84:Infinity:85:8:88:Infinity":7,"b:92:78:92:91:92:91:92:101":8,"b:96:89:96:115:96:115:96:138":9,"b:99:27:99:44:99:44:99:Infinity":10,"b:102:18:102:Infinity:103:18:103:Infinity":11,"f:106:33:106:39":7,"s:106:39:106:Infinity":23,"b:111:9:111:Infinity:112:10:165:Infinity":12,"b:118:24:118:Infinity:119:24:119:Infinity":13,"f:128:30:128:40":8,"s:129:37:129:Infinity":24,"b:130:22:132:Infinity:undefined:undefined:undefined:undefined":14,"s:130:22:132:Infinity":25,"s:131:24:131:Infinity":26,"b:133:22:137:Infinity:135:29:137:Infinity":15,"s:133:22:137:Infinity":27,"s:134:24:134:Infinity":28,"s:136:24:136:Infinity":29,"f:150:28:150:34":9,"s:150:34:150:Infinity":30,"b:154:17:154:Infinity:155:18:161:Infinity":16,"b:160:30:160:55:160:55:160:Infinity":17,"b:170:7:170:38:170:38:170:Infinity:171:8:208:Infinity":18,"b:177:129:177:149:177:149:177:162":19,"b:184:86:184:101:184:101:184:117":20,"b:186:17:186:36:186:36:186:Infinity":21,"b:189:75:189:94:189:94:189:110":22,"b:191:17:191:37:191:37:191:52":23,"b:192:39:192:91:192:91:192:97":24,"b:192:39:192:57:192:57:192:91":25,"f:195:25:195:31":10,"s:195:31:195:Infinity":31,"b:198:22:198:Infinity:199:22:199:Infinity":26,"b:203:38:203:64:203:64:203:Infinity":27,"b:203:38:203:53:203:53:203:64":28,"b:203:64:203:77:203:77:203:Infinity":29,"b:212:7:212:38:212:38:212:Infinity:213:8:227:Infinity":30,"f:216:19:216:25":11,"s:217:25:217:Infinity":32,"b:218:12:222:Infinity:220:19:222:Infinity":31,"s:218:12:222:Infinity":33,"s:219:14:219:Infinity":34,"s:221:14:221:Infinity":35,"f:224:19:224:25":12,"s:225:12:225:Infinity":36,"b:230:7:230:Infinity:231:8:266:Infinity":32,"b:232:176:232:207:232:207:232:238":33,"f:254:21:254:27":13,"s:255:14:255:Infinity":37,"b:256:14:260:Infinity:258:21:260:Infinity":34,"s:256:14:260:Infinity":38,"s:257:16:257:Infinity":39,"s:259:16:259:Infinity":40,"b:264:30:264:45:264:45:264:Infinity":35,"b:269:7:269:Infinity:270:8:270:Infinity":36,"b:273:7:273:Infinity:274:8:288:Infinity":37,"b:280:22:280:40:280:40:280:Infinity":38,"b:281:22:281:40:281:40:281:Infinity":39,"f:283:23:283:29":14,"s:283:29:283:Infinity":41,"b:291:7:291:25:291:25:291:Infinity":40,"f:291:53:291:59":15,"s:291:59:291:85":42}}}
,"/Users/robertosanchezgallego/Desktop/Girify/src/config/constants.ts": {"path":"/Users/robertosanchezgallego/Desktop/Girify/src/config/constants.ts","statementMap":{"0":{"start":{"line":3,"column":20},"end":{"line":17,"column":null}},"1":{"start":{"line":20,"column":18},"end":{"line":31,"column":null}},"2":{"start":{"line":34,"column":20},"end":{"line":54,"column":null}},"3":{"start":{"line":56,"column":26},"end":{"line":70,"column":null}},"4":{"start":{"line":73,"column":20},"end":{"line":88,"column":null}},"5":{"start":{"line":91,"column":22},"end":{"line":109,"column":null}},"6":{"start":{"line":112,"column":24},"end":{"line":116,"column":null}},"7":{"start":{"line":119,"column":25},"end":{"line":123,"column":null}},"8":{"start":{"line":126,"column":23},"end":{"line":132,"column":null}},"9":{"start":{"line":135,"column":28},"end":{"line":156,"column":null}},"10":{"start":{"line":159,"column":30},"end":{"line":163,"column":null}},"11":{"start":{"line":166,"column":19},"end":{"line":174,"column":null}},"12":{"start":{"line":176,"column":22},"end":{"line":181,"column":null}},"13":{"start":{"line":183,"column":20},"end":{"line":190,"column":null}},"14":{"start":{"line":192,"column":32},"end":{"line":192,"column":null}}},"fnMap":{},"branchMap":{},"s":{"0":1,"1":1,"2":1,"3":1,"4":1,"5":1,"6":1,"7":1,"8":1,"9":1,"10":1,"11":1,"12":1,"13":1,"14":1},"f":{},"b":{},"meta":{"lastBranch":0,"lastFunction":0,"lastStatement":15,"seen":{"s:3:20:17:Infinity":0,"s:20:18:31:Infinity":1,"s:34:20:54:Infinity":2,"s:56:26:70:Infinity":3,"s:73:20:88:Infinity":4,"s:91:22:109:Infinity":5,"s:112:24:116:Infinity":6,"s:119:25:123:Infinity":7,"s:126:23:132:Infinity":8,"s:135:28:156:Infinity":9,"s:159:30:163:Infinity":10,"s:166:19:174:Infinity":11,"s:176:22:181:Infinity":12,"s:183:20:190:Infinity":13,"s:192:32:192:Infinity":14}}}
,"/Users/robertosanchezgallego/Desktop/Girify/src/config/gameConfig.ts": {"path":"/Users/robertosanchezgallego/Desktop/Girify/src/config/gameConfig.ts","statementMap":{"0":{"start":{"line":3,"column":30},"end":{"line":26,"column":null}},"1":{"start":{"line":8,"column":2},"end":{"line":10,"column":null}},"2":{"start":{"line":9,"column":4},"end":{"line":9,"column":null}},"3":{"start":{"line":12,"column":14},"end":{"line":12,"column":null}},"4":{"start":{"line":15,"column":2},"end":{"line":20,"column":null}},"5":{"start":{"line":16,"column":22},"end":{"line":18,"column":null}},"6":{"start":{"line":19,"column":4},"end":{"line":19,"column":null}},"7":{"start":{"line":23,"column":2},"end":{"line":23,"column":null}},"8":{"start":{"line":25,"column":2},"end":{"line":25,"column":null}},"9":{"start":{"line":28,"column":36},"end":{"line":30,"column":null}},"10":{"start":{"line":29,"column":2},"end":{"line":29,"column":null}},"11":{"start":{"line":32,"column":36},"end":{"line":44,"column":null}},"12":{"start":{"line":36,"column":2},"end":{"line":38,"column":null}},"13":{"start":{"line":37,"column":4},"end":{"line":37,"column":null}},"14":{"start":{"line":40,"column":14},"end":{"line":40,"column":null}},"15":{"start":{"line":41,"column":30},"end":{"line":41,"column":null}},"16":{"start":{"line":43,"column":2},"end":{"line":43,"column":null}}},"fnMap":{"0":{"name":"(anonymous_0)","decl":{"start":{"line":3,"column":30},"end":{"line":3,"column":null}},"loc":{"start":{"line":7,"column":13},"end":{"line":26,"column":null}},"line":7},"1":{"name":"(anonymous_1)","decl":{"start":{"line":28,"column":36},"end":{"line":28,"column":37}},"loc":{"start":{"line":28,"column":68},"end":{"line":30,"column":null}},"line":28},"2":{"name":"(anonymous_2)","decl":{"start":{"line":32,"column":36},"end":{"line":32,"column":null}},"loc":{"start":{"line":35,"column":14},"end":{"line":44,"column":null}},"line":35}},"branchMap":{"0":{"loc":{"start":{"line":8,"column":2},"end":{"line":10,"column":null}},"type":"if","locations":[{"start":{"line":8,"column":2},"end":{"line":10,"column":null}},{"start":{},"end":{}}],"line":8},"1":{"loc":{"start":{"line":15,"column":2},"end":{"line":20,"column":null}},"type":"if","locations":[{"start":{"line":15,"column":2},"end":{"line":20,"column":null}},{"start":{},"end":{}}],"line":15},"2":{"loc":{"start":{"line":34,"column":2},"end":{"line":34,"column":null}},"type":"default-arg","locations":[{"start":{"line":34,"column":24},"end":{"line":34,"column":null}}],"line":34},"3":{"loc":{"start":{"line":36,"column":2},"end":{"line":38,"column":null}},"type":"if","locations":[{"start":{"line":36,"column":2},"end":{"line":38,"column":null}},{"start":{},"end":{}}],"line":36},"4":{"loc":{"start":{"line":41,"column":30},"end":{"line":41,"column":null}},"type":"cond-expr","locations":[{"start":{"line":41,"column":49},"end":{"line":41,"column":88}},{"start":{"line":41,"column":88},"end":{"line":41,"column":null}}],"line":41},"5":{"loc":{"start":{"line":43,"column":9},"end":{"line":43,"column":null}},"type":"binary-expr","locations":[{"start":{"line":43,"column":9},"end":{"line":43,"column":59}},{"start":{"line":43,"column":59},"end":{"line":43,"column":null}}],"line":43}},"s":{"0":1,"1":9,"2":1,"3":8,"4":8,"5":6,"6":6,"7":8,"8":8,"9":1,"10":1,"11":1,"12":0,"13":0,"14":0,"15":0,"16":0},"f":{"0":9,"1":1,"2":0},"b":{"0":[1,8],"1":[6,2],"2":[0],"3":[0,0],"4":[0,0],"5":[0,0]},"meta":{"lastBranch":6,"lastFunction":3,"lastStatement":17,"seen":{"s:3:30:26:Infinity":0,"f:3:30:3:Infinity":0,"b:8:2:10:Infinity:undefined:undefined:undefined:undefined":0,"s:8:2:10:Infinity":1,"s:9:4:9:Infinity":2,"s:12:14:12:Infinity":3,"b:15:2:20:Infinity:undefined:undefined:undefined:undefined":1,"s:15:2:20:Infinity":4,"s:16:22:18:Infinity":5,"s:19:4:19:Infinity":6,"s:23:2:23:Infinity":7,"s:25:2:25:Infinity":8,"s:28:36:30:Infinity":9,"f:28:36:28:37":1,"s:29:2:29:Infinity":10,"s:32:36:44:Infinity":11,"f:32:36:32:Infinity":2,"b:34:24:34:Infinity":2,"b:36:2:38:Infinity:undefined:undefined:undefined:undefined":3,"s:36:2:38:Infinity":12,"s:37:4:37:Infinity":13,"s:40:14:40:Infinity":14,"s:41:30:41:Infinity":15,"b:41:49:41:88:41:88:41:Infinity":4,"s:43:2:43:Infinity":16,"b:43:9:43:59:43:59:43:Infinity":5}}}
,"/Users/robertosanchezgallego/Desktop/Girify/src/hooks/useScoreCalculator.ts": {"path":"/Users/robertosanchezgallego/Desktop/Girify/src/hooks/useScoreCalculator.ts","statementMap":{"0":{"start":{"line":25,"column":8},"end":{"line":30,"column":null}},"1":{"start":{"line":27,"column":6},"end":{"line":27,"column":null}},"2":{"start":{"line":32,"column":2},"end":{"line":32,"column":null}}},"fnMap":{"0":{"name":"useScoreCalculator","decl":{"start":{"line":16,"column":16},"end":{"line":16,"column":37}},"loc":{"start":{"line":16,"column":37},"end":{"line":33,"column":null}},"line":16},"1":{"name":"(anonymous_1)","decl":{"start":{"line":26,"column":4},"end":{"line":26,"column":5}},"loc":{"start":{"line":26,"column":83},"end":{"line":28,"column":null}},"line":26}},"branchMap":{"0":{"loc":{"start":{"line":26,"column":48},"end":{"line":26,"column":83}},"type":"default-arg","locations":[{"start":{"line":26,"column":69},"end":{"line":26,"column":83}}],"line":26}},"s":{"0":4,"1":1,"2":4},"f":{"0":4,"1":1},"b":{"0":[1]},"meta":{"lastBranch":1,"lastFunction":2,"lastStatement":3,"seen":{"f:16:16:16:37":0,"s:25:8:30:Infinity":0,"f:26:4:26:5":1,"b:26:69:26:83":0,"s:27:6:27:Infinity":1,"s:32:2:32:Infinity":2}}}
,"/Users/robertosanchezgallego/Desktop/Girify/src/utils/dailyChallenge.js": {"path":"/Users/robertosanchezgallego/Desktop/Girify/src/utils/dailyChallenge.js","statementMap":{"0":{"start":{"line":12,"column":12},"end":{"line":12,"column":46}},"1":{"start":{"line":13,"column":2},"end":{"line":13,"column":null}},"2":{"start":{"line":21,"column":16},"end":{"line":21,"column":26}},"3":{"start":{"line":22,"column":15},"end":{"line":22,"column":34}},"4":{"start":{"line":23,"column":16},"end":{"line":23,"column":61}},"5":{"start":{"line":24,"column":14},"end":{"line":24,"column":54}},"6":{"start":{"line":25,"column":2},"end":{"line":25,"column":null}},"7":{"start":{"line":35,"column":19},"end":{"line":35,"column":29}},"8":{"start":{"line":36,"column":20},"end":{"line":36,"column":24}},"9":{"start":{"line":38,"column":2},"end":{"line":42,"column":null}},"10":{"start":{"line":38,"column":15},"end":{"line":38,"column":34}},"11":{"start":{"line":39,"column":14},"end":{"line":39,"column":61}},"12":{"start":{"line":40,"column":4},"end":{"line":40,"column":null}},"13":{"start":{"line":41,"column":4},"end":{"line":41,"column":null}},"14":{"start":{"line":44,"column":2},"end":{"line":44,"column":null}},"15":{"start":{"line":59,"column":15},"end":{"line":59,"column":33}},"16":{"start":{"line":60,"column":16},"end":{"line":60,"column":60}},"17":{"start":{"line":61,"column":14},"end":{"line":61,"column":53}},"18":{"start":{"line":63,"column":4},"end":{"line":65,"column":21}},"19":{"start":{"line":66,"column":2},"end":{"line":66,"column":null}},"20":{"start":{"line":77,"column":35},"end":{"line":87,"column":1}},"21":{"start":{"line":78,"column":2},"end":{"line":80,"column":null}},"22":{"start":{"line":79,"column":4},"end":{"line":79,"column":null}},"23":{"start":{"line":85,"column":4},"end":{"line":85,"column":95}},"24":{"start":{"line":86,"column":2},"end":{"line":86,"column":null}},"25":{"start":{"line":97,"column":22},"end":{"line":97,"column":31}},"26":{"start":{"line":100,"column":18},"end":{"line":100,"column":30}},"27":{"start":{"line":101,"column":15},"end":{"line":101,"column":52}},"28":{"start":{"line":102,"column":16},"end":{"line":102,"column":57}},"29":{"start":{"line":103,"column":14},"end":{"line":103,"column":51}},"30":{"start":{"line":104,"column":22},"end":{"line":104,"column":48}},"31":{"start":{"line":108,"column":26},"end":{"line":119,"column":3}},"32":{"start":{"line":109,"column":21},"end":{"line":109,"column":43}},"33":{"start":{"line":110,"column":15},"end":{"line":110,"column":65}},"34":{"start":{"line":110,"column":38},"end":{"line":110,"column":52}},"35":{"start":{"line":111,"column":15},"end":{"line":111,"column":65}},"36":{"start":{"line":111,"column":38},"end":{"line":111,"column":52}},"37":{"start":{"line":112,"column":15},"end":{"line":112,"column":65}},"38":{"start":{"line":112,"column":38},"end":{"line":112,"column":52}},"39":{"start":{"line":113,"column":15},"end":{"line":113,"column":65}},"40":{"start":{"line":113,"column":38},"end":{"line":113,"column":52}},"41":{"start":{"line":114,"column":14},"end":{"line":114,"column":42}},"42":{"start":{"line":115,"column":4},"end":{"line":117,"column":null}},"43":{"start":{"line":116,"column":6},"end":{"line":116,"column":null}},"44":{"start":{"line":118,"column":4},"end":{"line":118,"column":null}},"45":{"start":{"line":121,"column":2},"end":{"line":133,"column":null}},"46":{"start":{"line":121,"column":15},"end":{"line":121,"column":16}},"47":{"start":{"line":122,"column":14},"end":{"line":122,"column":35}},"48":{"start":{"line":123,"column":4},"end":{"line":123,"column":null}},"49":{"start":{"line":124,"column":21},"end":{"line":124,"column":38}},"50":{"start":{"line":131,"column":24},"end":{"line":131,"column":63}},"51":{"start":{"line":132,"column":4},"end":{"line":132,"column":null}},"52":{"start":{"line":132,"column":29},"end":{"line":132,"column":50}},"53":{"start":{"line":136,"column":27},"end":{"line":136,"column":75}},"54":{"start":{"line":136,"column":52},"end":{"line":136,"column":74}},"55":{"start":{"line":139,"column":15},"end":{"line":139,"column":78}},"56":{"start":{"line":142,"column":19},"end":{"line":142,"column":46}},"57":{"start":{"line":145,"column":2},"end":{"line":145,"column":null}},"58":{"start":{"line":153,"column":16},"end":{"line":153,"column":30}},"59":{"start":{"line":154,"column":21},"end":{"line":154,"column":59}},"60":{"start":{"line":155,"column":2},"end":{"line":155,"column":null}},"61":{"start":{"line":162,"column":16},"end":{"line":162,"column":30}},"62":{"start":{"line":163,"column":2},"end":{"line":163,"column":null}},"63":{"start":{"line":171,"column":14},"end":{"line":171,"column":24}},"64":{"start":{"line":172,"column":19},"end":{"line":172,"column":32}},"65":{"start":{"line":173,"column":2},"end":{"line":173,"column":null}},"66":{"start":{"line":174,"column":2},"end":{"line":174,"column":null}},"67":{"start":{"line":176,"column":15},"end":{"line":176,"column":29}},"68":{"start":{"line":177,"column":16},"end":{"line":177,"column":51}},"69":{"start":{"line":178,"column":18},"end":{"line":178,"column":69}},"70":{"start":{"line":180,"column":2},"end":{"line":180,"column":null}},"71":{"start":{"line":191,"column":20},"end":{"line":199,"column":3}},"72":{"start":{"line":192,"column":4},"end":{"line":194,"column":null}},"73":{"start":{"line":193,"column":6},"end":{"line":193,"column":null}},"74":{"start":{"line":195,"column":18},"end":{"line":197,"column":5}},"75":{"start":{"line":198,"column":4},"end":{"line":198,"column":null}},"76":{"start":{"line":201,"column":23},"end":{"line":201,"column":45}},"77":{"start":{"line":202,"column":13},"end":{"line":202,"column":95}},"78":{"start":{"line":202,"column":38},"end":{"line":202,"column":94}},"79":{"start":{"line":204,"column":2},"end":{"line":206,"column":null}},"80":{"start":{"line":205,"column":4},"end":{"line":205,"column":null}},"81":{"start":{"line":205,"column":36},"end":{"line":205,"column":54}},"82":{"start":{"line":209,"column":20},"end":{"line":213,"column":4}},"83":{"start":{"line":210,"column":20},"end":{"line":210,"column":48}},"84":{"start":{"line":211,"column":20},"end":{"line":211,"column":48}},"85":{"start":{"line":212,"column":4},"end":{"line":212,"column":null}},"86":{"start":{"line":215,"column":2},"end":{"line":218,"column":null}},"87":{"start":{"line":217,"column":4},"end":{"line":217,"column":null}},"88":{"start":{"line":222,"column":23},"end":{"line":222,"column":48}},"89":{"start":{"line":223,"column":2},"end":{"line":223,"column":null}},"90":{"start":{"line":233,"column":2},"end":{"line":233,"column":null}}},"fnMap":{"0":{"name":"seededRandom","decl":{"start":{"line":11,"column":16},"end":{"line":11,"column":28}},"loc":{"start":{"line":11,"column":35},"end":{"line":14,"column":null}},"line":11},"1":{"name":"getTodaySeed","decl":{"start":{"line":20,"column":16},"end":{"line":20,"column":28}},"loc":{"start":{"line":20,"column":31},"end":{"line":26,"column":null}},"line":20},"2":{"name":"seededShuffle","decl":{"start":{"line":34,"column":9},"end":{"line":34,"column":22}},"loc":{"start":{"line":34,"column":36},"end":{"line":45,"column":null}},"line":34},"3":{"name":"getSeedForDate","decl":{"start":{"line":58,"column":9},"end":{"line":58,"column":23}},"loc":{"start":{"line":58,"column":30},"end":{"line":67,"column":null}},"line":58},"4":{"name":"(anonymous_4)","decl":{"start":{"line":77,"column":35},"end":{"line":77,"column":36}},"loc":{"start":{"line":77,"column":78},"end":{"line":87,"column":1}},"line":77},"5":{"name":"selectDailyStreets","decl":{"start":{"line":95,"column":16},"end":{"line":95,"column":34}},"loc":{"start":{"line":95,"column":55},"end":{"line":146,"column":null}},"line":95},"6":{"name":"(anonymous_6)","decl":{"start":{"line":108,"column":26},"end":{"line":108,"column":27}},"loc":{"start":{"line":108,"column":39},"end":{"line":119,"column":3}},"line":108},"7":{"name":"(anonymous_7)","decl":{"start":{"line":110,"column":31},"end":{"line":110,"column":34}},"loc":{"start":{"line":110,"column":38},"end":{"line":110,"column":52}},"line":110},"8":{"name":"(anonymous_8)","decl":{"start":{"line":111,"column":31},"end":{"line":111,"column":34}},"loc":{"start":{"line":111,"column":38},"end":{"line":111,"column":52}},"line":111},"9":{"name":"(anonymous_9)","decl":{"start":{"line":112,"column":31},"end":{"line":112,"column":34}},"loc":{"start":{"line":112,"column":38},"end":{"line":112,"column":52}},"line":112},"10":{"name":"(anonymous_10)","decl":{"start":{"line":113,"column":31},"end":{"line":113,"column":34}},"loc":{"start":{"line":113,"column":38},"end":{"line":113,"column":52}},"line":113},"11":{"name":"(anonymous_11)","decl":{"start":{"line":132,"column":24},"end":{"line":132,"column":25}},"loc":{"start":{"line":132,"column":29},"end":{"line":132,"column":50}},"line":132},"12":{"name":"(anonymous_12)","decl":{"start":{"line":136,"column":47},"end":{"line":136,"column":48}},"loc":{"start":{"line":136,"column":52},"end":{"line":136,"column":74}},"line":136},"13":{"name":"hasPlayedToday","decl":{"start":{"line":152,"column":16},"end":{"line":152,"column":30}},"loc":{"start":{"line":152,"column":33},"end":{"line":156,"column":null}},"line":152},"14":{"name":"markTodayAsPlayed","decl":{"start":{"line":161,"column":16},"end":{"line":161,"column":33}},"loc":{"start":{"line":161,"column":36},"end":{"line":164,"column":null}},"line":161},"15":{"name":"getTimeUntilNext","decl":{"start":{"line":170,"column":16},"end":{"line":170,"column":32}},"loc":{"start":{"line":170,"column":35},"end":{"line":181,"column":null}},"line":170},"16":{"name":"selectDistractors","decl":{"start":{"line":190,"column":16},"end":{"line":190,"column":33}},"loc":{"start":{"line":190,"column":62},"end":{"line":224,"column":null}},"line":190},"17":{"name":"(anonymous_17)","decl":{"start":{"line":191,"column":20},"end":{"line":191,"column":24}},"loc":{"start":{"line":191,"column":28},"end":{"line":199,"column":3}},"line":191},"18":{"name":"(anonymous_18)","decl":{"start":{"line":202,"column":33},"end":{"line":202,"column":34}},"loc":{"start":{"line":202,"column":38},"end":{"line":202,"column":94}},"line":202},"19":{"name":"(anonymous_19)","decl":{"start":{"line":205,"column":31},"end":{"line":205,"column":32}},"loc":{"start":{"line":205,"column":36},"end":{"line":205,"column":54}},"line":205},"20":{"name":"(anonymous_20)","decl":{"start":{"line":209,"column":40},"end":{"line":209,"column":41}},"loc":{"start":{"line":209,"column":45},"end":{"line":213,"column":3}},"line":209},"21":{"name":"shuffleOptions","decl":{"start":{"line":232,"column":16},"end":{"line":232,"column":30}},"loc":{"start":{"line":232,"column":46},"end":{"line":234,"column":null}},"line":232}},"branchMap":{"0":{"loc":{"start":{"line":78,"column":2},"end":{"line":80,"column":null}},"type":"if","locations":[{"start":{"line":78,"column":2},"end":{"line":80,"column":null}},{"start":{},"end":{}}],"line":78},"1":{"loc":{"start":{"line":78,"column":6},"end":{"line":78,"column":48}},"type":"binary-expr","locations":[{"start":{"line":78,"column":6},"end":{"line":78,"column":19}},{"start":{"line":78,"column":23},"end":{"line":78,"column":48}}],"line":78},"2":{"loc":{"start":{"line":115,"column":4},"end":{"line":117,"column":null}},"type":"if","locations":[{"start":{"line":115,"column":4},"end":{"line":117,"column":null}},{"start":{},"end":{}}],"line":115},"3":{"loc":{"start":{"line":139,"column":15},"end":{"line":139,"column":78}},"type":"cond-expr","locations":[{"start":{"line":139,"column":47},"end":{"line":139,"column":63}},{"start":{"line":139,"column":66},"end":{"line":139,"column":78}}],"line":139},"4":{"loc":{"start":{"line":192,"column":4},"end":{"line":194,"column":null}},"type":"if","locations":[{"start":{"line":192,"column":4},"end":{"line":194,"column":null}},{"start":{},"end":{}}],"line":192},"5":{"loc":{"start":{"line":198,"column":11},"end":{"line":198,"column":39}},"type":"cond-expr","locations":[{"start":{"line":198,"column":19},"end":{"line":198,"column":34}},{"start":{"line":198,"column":37},"end":{"line":198,"column":39}}],"line":198},"6":{"loc":{"start":{"line":202,"column":38},"end":{"line":202,"column":94}},"type":"binary-expr","locations":[{"start":{"line":202,"column":38},"end":{"line":202,"column":56}},{"start":{"line":202,"column":60},"end":{"line":202,"column":94}}],"line":202},"7":{"loc":{"start":{"line":204,"column":2},"end":{"line":206,"column":null}},"type":"if","locations":[{"start":{"line":204,"column":2},"end":{"line":206,"column":null}},{"start":{},"end":{}}],"line":204},"8":{"loc":{"start":{"line":212,"column":11},"end":{"line":212,"column":93}},"type":"binary-expr","locations":[{"start":{"line":212,"column":11},"end":{"line":212,"column":37}},{"start":{"line":212,"column":41},"end":{"line":212,"column":67}},{"start":{"line":212,"column":71},"end":{"line":212,"column":93}}],"line":212},"9":{"loc":{"start":{"line":215,"column":2},"end":{"line":218,"column":null}},"type":"if","locations":[{"start":{"line":215,"column":2},"end":{"line":218,"column":null}},{"start":{},"end":{}}],"line":215}},"s":{"0":715,"1":715,"2":21,"3":21,"4":21,"5":21,"6":21,"7":117,"8":117,"9":117,"10":117,"11":1520,"12":1520,"13":1520,"14":117,"15":91,"16":91,"17":91,"18":91,"19":91,"20":1,"21":0,"22":0,"23":0,"24":0,"25":13,"26":13,"27":13,"28":13,"29":13,"30":13,"31":13,"32":104,"33":104,"34":1512,"35":104,"36":1512,"37":104,"38":1512,"39":104,"40":1512,"41":104,"42":104,"43":8,"44":104,"45":13,"46":13,"47":91,"48":91,"49":91,"50":91,"51":91,"52":875,"53":91,"54":189,"55":91,"56":13,"57":13,"58":8,"59":8,"60":8,"61":3,"62":3,"63":4,"64":4,"65":4,"66":4,"67":4,"68":4,"69":4,"70":4,"71":0,"72":0,"73":0,"74":0,"75":0,"76":0,"77":0,"78":0,"79":0,"80":0,"81":0,"82":0,"83":0,"84":0,"85":0,"86":0,"87":0,"88":0,"89":0,"90":0},"f":{"0":715,"1":21,"2":117,"3":91,"4":0,"5":13,"6":104,"7":1512,"8":1512,"9":1512,"10":1512,"11":875,"12":189,"13":8,"14":3,"15":4,"16":0,"17":0,"18":0,"19":0,"20":0,"21":0},"b":{"0":[0,0],"1":[0,0],"2":[8,96],"3":[0,13],"4":[0,0],"5":[0,0],"6":[0,0],"7":[0,0],"8":[0,0,0],"9":[0,0]},"meta":{"lastBranch":10,"lastFunction":22,"lastStatement":91,"seen":{"f:11:16:11:28":0,"s:12:12:12:46":0,"s:13:2:13:Infinity":1,"f:20:16:20:28":1,"s:21:16:21:26":2,"s:22:15:22:34":3,"s:23:16:23:61":4,"s:24:14:24:54":5,"s:25:2:25:Infinity":6,"f:34:9:34:22":2,"s:35:19:35:29":7,"s:36:20:36:24":8,"s:38:2:42:Infinity":9,"s:38:15:38:34":10,"s:39:14:39:61":11,"s:40:4:40:Infinity":12,"s:41:4:41:Infinity":13,"s:44:2:44:Infinity":14,"f:58:9:58:23":3,"s:59:15:59:33":15,"s:60:16:60:60":16,"s:61:14:61:53":17,"s:63:4:65:21":18,"s:66:2:66:Infinity":19,"s:77:35:87:1":20,"f:77:35:77:36":4,"b:78:2:80:Infinity:undefined:undefined:undefined:undefined":0,"s:78:2:80:Infinity":21,"b:78:6:78:19:78:23:78:48":1,"s:79:4:79:Infinity":22,"s:85:4:85:95":23,"s:86:2:86:Infinity":24,"f:95:16:95:34":5,"s:97:22:97:31":25,"s:100:18:100:30":26,"s:101:15:101:52":27,"s:102:16:102:57":28,"s:103:14:103:51":29,"s:104:22:104:48":30,"s:108:26:119:3":31,"f:108:26:108:27":6,"s:109:21:109:43":32,"s:110:15:110:65":33,"f:110:31:110:34":7,"s:110:38:110:52":34,"s:111:15:111:65":35,"f:111:31:111:34":8,"s:111:38:111:52":36,"s:112:15:112:65":37,"f:112:31:112:34":9,"s:112:38:112:52":38,"s:113:15:113:65":39,"f:113:31:113:34":10,"s:113:38:113:52":40,"s:114:14:114:42":41,"b:115:4:117:Infinity:undefined:undefined:undefined:undefined":2,"s:115:4:117:Infinity":42,"s:116:6:116:Infinity":43,"s:118:4:118:Infinity":44,"s:121:2:133:Infinity":45,"s:121:15:121:16":46,"s:122:14:122:35":47,"s:123:4:123:Infinity":48,"s:124:21:124:38":49,"s:131:24:131:63":50,"s:132:4:132:Infinity":51,"f:132:24:132:25":11,"s:132:29:132:50":52,"s:136:27:136:75":53,"f:136:47:136:48":12,"s:136:52:136:74":54,"s:139:15:139:78":55,"b:139:47:139:63:139:66:139:78":3,"s:142:19:142:46":56,"s:145:2:145:Infinity":57,"f:152:16:152:30":13,"s:153:16:153:30":58,"s:154:21:154:59":59,"s:155:2:155:Infinity":60,"f:161:16:161:33":14,"s:162:16:162:30":61,"s:163:2:163:Infinity":62,"f:170:16:170:32":15,"s:171:14:171:24":63,"s:172:19:172:32":64,"s:173:2:173:Infinity":65,"s:174:2:174:Infinity":66,"s:176:15:176:29":67,"s:177:16:177:51":68,"s:178:18:178:69":69,"s:180:2:180:Infinity":70,"f:190:16:190:33":16,"s:191:20:199:3":71,"f:191:20:191:24":17,"b:192:4:194:Infinity:undefined:undefined:undefined:undefined":4,"s:192:4:194:Infinity":72,"s:193:6:193:Infinity":73,"s:195:18:197:5":74,"s:198:4:198:Infinity":75,"b:198:19:198:34:198:37:198:39":5,"s:201:23:201:45":76,"s:202:13:202:95":77,"f:202:33:202:34":18,"s:202:38:202:94":78,"b:202:38:202:56:202:60:202:94":6,"b:204:2:206:Infinity:undefined:undefined:undefined:undefined":7,"s:204:2:206:Infinity":79,"s:205:4:205:Infinity":80,"f:205:31:205:32":19,"s:205:36:205:54":81,"s:209:20:213:4":82,"f:209:40:209:41":20,"s:210:20:210:48":83,"s:211:20:211:48":84,"s:212:4:212:Infinity":85,"b:212:11:212:37:212:41:212:67:212:71:212:93":8,"b:215:2:218:Infinity:undefined:undefined:undefined:undefined":9,"s:215:2:218:Infinity":86,"s:217:4:217:Infinity":87,"s:222:23:222:48":88,"s:223:2:223:Infinity":89,"f:232:16:232:30":21,"s:233:2:233:Infinity":90}}}
,"/Users/robertosanchezgallego/Desktop/Girify/src/utils/leaderboard.js": {"path":"/Users/robertosanchezgallego/Desktop/Girify/src/utils/leaderboard.js","statementMap":{"0":{"start":{"line":18,"column":30},"end":{"line":18,"column":42}},"1":{"start":{"line":19,"column":26},"end":{"line":19,"column":34}},"2":{"start":{"line":36,"column":25},"end":{"line":96,"column":1}},"3":{"start":{"line":42,"column":6},"end":{"line":42,"column":13}},"4":{"start":{"line":44,"column":2},"end":{"line":46,"column":null}},"5":{"start":{"line":47,"column":2},"end":{"line":50,"column":null}},"6":{"start":{"line":48,"column":4},"end":{"line":48,"column":null}},"7":{"start":{"line":49,"column":4},"end":{"line":49,"column":null}},"8":{"start":{"line":52,"column":2},"end":{"line":95,"column":null}},"9":{"start":{"line":53,"column":16},"end":{"line":53,"column":31}},"10":{"start":{"line":55,"column":26},"end":{"line":55,"column":81}},"11":{"start":{"line":56,"column":22},"end":{"line":68,"column":5}},"12":{"start":{"line":70,"column":4},"end":{"line":70,"column":null}},"13":{"start":{"line":73,"column":30},"end":{"line":73,"column":63}},"14":{"start":{"line":74,"column":22},"end":{"line":74,"column":72}},"15":{"start":{"line":75,"column":20},"end":{"line":75,"column":44}},"16":{"start":{"line":76,"column":23},"end":{"line":76,"column":28}},"17":{"start":{"line":78,"column":4},"end":{"line":87,"column":null}},"18":{"start":{"line":79,"column":19},"end":{"line":79,"column":33}},"19":{"start":{"line":80,"column":6},"end":{"line":84,"column":null}},"20":{"start":{"line":81,"column":8},"end":{"line":81,"column":null}},"21":{"start":{"line":82,"column":13},"end":{"line":84,"column":null}},"22":{"start":{"line":83,"column":8},"end":{"line":83,"column":null}},"23":{"start":{"line":86,"column":6},"end":{"line":86,"column":null}},"24":{"start":{"line":89,"column":4},"end":{"line":91,"column":null}},"25":{"start":{"line":90,"column":6},"end":{"line":90,"column":null}},"26":{"start":{"line":93,"column":4},"end":{"line":93,"column":null}},"27":{"start":{"line":94,"column":4},"end":{"line":94,"column":null}},"28":{"start":{"line":115,"column":30},"end":{"line":294,"column":1}},"29":{"start":{"line":116,"column":2},"end":{"line":293,"column":null}},"30":{"start":{"line":122,"column":21},"end":{"line":122,"column":55}},"31":{"start":{"line":125,"column":13},"end":{"line":125,"column":99}},"32":{"start":{"line":127,"column":4},"end":{"line":130,"column":null}},"33":{"start":{"line":129,"column":6},"end":{"line":129,"column":null}},"34":{"start":{"line":141,"column":21},"end":{"line":141,"column":37}},"35":{"start":{"line":151,"column":25},"end":{"line":151,"column":27}},"36":{"start":{"line":152,"column":4},"end":{"line":165,"column":null}},"37":{"start":{"line":153,"column":22},"end":{"line":153,"column":46}},"38":{"start":{"line":154,"column":28},"end":{"line":154,"column":91}},"39":{"start":{"line":155,"column":6},"end":{"line":162,"column":null}},"40":{"start":{"line":156,"column":18},"end":{"line":156,"column":28}},"41":{"start":{"line":157,"column":8},"end":{"line":161,"column":null}},"42":{"start":{"line":158,"column":10},"end":{"line":158,"column":null}},"43":{"start":{"line":164,"column":6},"end":{"line":164,"column":null}},"44":{"start":{"line":169,"column":4},"end":{"line":174,"column":null}},"45":{"start":{"line":171,"column":6},"end":{"line":173,"column":null}},"46":{"start":{"line":176,"column":22},"end":{"line":176,"column":24}},"47":{"start":{"line":178,"column":23},"end":{"line":178,"column":33}},"48":{"start":{"line":179,"column":4},"end":{"line":179,"column":null}},"49":{"start":{"line":182,"column":16},"end":{"line":182,"column":35}},"50":{"start":{"line":183,"column":17},"end":{"line":183,"column":40}},"51":{"start":{"line":184,"column":24},"end":{"line":184,"column":44}},"52":{"start":{"line":185,"column":4},"end":{"line":185,"column":null}},"53":{"start":{"line":186,"column":4},"end":{"line":186,"column":null}},"54":{"start":{"line":189,"column":25},"end":{"line":189,"column":85}},"55":{"start":{"line":191,"column":21},"end":{"line":191,"column":36}},"56":{"start":{"line":193,"column":24},"end":{"line":193,"column":33}},"57":{"start":{"line":195,"column":4},"end":{"line":258,"column":null}},"58":{"start":{"line":196,"column":6},"end":{"line":198,"column":null}},"59":{"start":{"line":197,"column":8},"end":{"line":197,"column":null}},"60":{"start":{"line":199,"column":6},"end":{"line":199,"column":null}},"61":{"start":{"line":201,"column":19},"end":{"line":201,"column":29}},"62":{"start":{"line":204,"column":6},"end":{"line":212,"column":null}},"63":{"start":{"line":205,"column":8},"end":{"line":205,"column":null}},"64":{"start":{"line":206,"column":13},"end":{"line":212,"column":null}},"65":{"start":{"line":207,"column":8},"end":{"line":207,"column":null}},"66":{"start":{"line":208,"column":13},"end":{"line":212,"column":null}},"67":{"start":{"line":209,"column":8},"end":{"line":209,"column":null}},"68":{"start":{"line":211,"column":8},"end":{"line":211,"column":null}},"69":{"start":{"line":214,"column":20},"end":{"line":214,"column":25}},"70":{"start":{"line":216,"column":24},"end":{"line":216,"column":94}},"71":{"start":{"line":220,"column":6},"end":{"line":222,"column":null}},"72":{"start":{"line":221,"column":8},"end":{"line":221,"column":null}},"73":{"start":{"line":224,"column":24},"end":{"line":224,"column":52}},"74":{"start":{"line":225,"column":6},"end":{"line":227,"column":null}},"75":{"start":{"line":226,"column":8},"end":{"line":226,"column":null}},"76":{"start":{"line":230,"column":30},"end":{"line":230,"column":91}},"77":{"start":{"line":232,"column":6},"end":{"line":253,"column":null}},"78":{"start":{"line":234,"column":8},"end":{"line":242,"column":null}},"79":{"start":{"line":235,"column":10},"end":{"line":235,"column":null}},"80":{"start":{"line":237,"column":20},"end":{"line":237,"column":34}},"81":{"start":{"line":238,"column":10},"end":{"line":238,"column":null}},"82":{"start":{"line":239,"column":10},"end":{"line":241,"column":null}},"83":{"start":{"line":240,"column":12},"end":{"line":240,"column":null}},"84":{"start":{"line":243,"column":13},"end":{"line":253,"column":null}},"85":{"start":{"line":244,"column":8},"end":{"line":246,"column":null}},"86":{"start":{"line":245,"column":10},"end":{"line":245,"column":null}},"87":{"start":{"line":247,"column":13},"end":{"line":253,"column":null}},"88":{"start":{"line":248,"column":8},"end":{"line":250,"column":null}},"89":{"start":{"line":249,"column":10},"end":{"line":249,"column":null}},"90":{"start":{"line":251,"column":13},"end":{"line":253,"column":null}},"91":{"start":{"line":252,"column":8},"end":{"line":252,"column":null}},"92":{"start":{"line":255,"column":6},"end":{"line":257,"column":null}},"93":{"start":{"line":256,"column":8},"end":{"line":256,"column":null}},"94":{"start":{"line":260,"column":22},"end":{"line":260,"column":24}},"95":{"start":{"line":262,"column":4},"end":{"line":268,"column":null}},"96":{"start":{"line":264,"column":6},"end":{"line":264,"column":null}},"97":{"start":{"line":267,"column":6},"end":{"line":267,"column":null}},"98":{"start":{"line":271,"column":4},"end":{"line":276,"column":null}},"99":{"start":{"line":272,"column":6},"end":{"line":274,"column":null}},"100":{"start":{"line":273,"column":8},"end":{"line":273,"column":null}},"101":{"start":{"line":275,"column":6},"end":{"line":275,"column":null}},"102":{"start":{"line":279,"column":17},"end":{"line":279,"column":26}},"103":{"start":{"line":280,"column":4},"end":{"line":287,"column":null}},"104":{"start":{"line":281,"column":16},"end":{"line":281,"column":40}},"105":{"start":{"line":282,"column":6},"end":{"line":284,"column":null}},"106":{"start":{"line":283,"column":8},"end":{"line":283,"column":null}},"107":{"start":{"line":285,"column":6},"end":{"line":285,"column":null}},"108":{"start":{"line":286,"column":6},"end":{"line":286,"column":null}},"109":{"start":{"line":289,"column":4},"end":{"line":289,"column":36}},"110":{"start":{"line":291,"column":4},"end":{"line":291,"column":null}},"111":{"start":{"line":292,"column":4},"end":{"line":292,"column":null}},"112":{"start":{"line":300,"column":29},"end":{"line":321,"column":1}},"113":{"start":{"line":301,"column":20},"end":{"line":301,"column":22}},"114":{"start":{"line":304,"column":17},"end":{"line":304,"column":68}},"115":{"start":{"line":304,"column":44},"end":{"line":304,"column":67}},"116":{"start":{"line":306,"column":2},"end":{"line":319,"column":null}},"117":{"start":{"line":307,"column":4},"end":{"line":318,"column":null}},"118":{"start":{"line":309,"column":6},"end":{"line":309,"column":null}},"119":{"start":{"line":311,"column":22},"end":{"line":311,"column":43}},"120":{"start":{"line":314,"column":6},"end":{"line":316,"column":null}},"121":{"start":{"line":315,"column":8},"end":{"line":315,"column":null}},"122":{"start":{"line":320,"column":2},"end":{"line":320,"column":null}},"123":{"start":{"line":326,"column":34},"end":{"line":370,"column":1}},"124":{"start":{"line":327,"column":25},"end":{"line":327,"column":27}},"125":{"start":{"line":329,"column":2},"end":{"line":346,"column":null}},"126":{"start":{"line":330,"column":20},"end":{"line":330,"column":58}},"127":{"start":{"line":331,"column":21},"end":{"line":331,"column":31}},"128":{"start":{"line":333,"column":4},"end":{"line":335,"column":null}},"129":{"start":{"line":334,"column":6},"end":{"line":334,"column":null}},"130":{"start":{"line":337,"column":4},"end":{"line":345,"column":null}},"131":{"start":{"line":338,"column":6},"end":{"line":338,"column":null}},"132":{"start":{"line":341,"column":27},"end":{"line":341,"column":60}},"133":{"start":{"line":342,"column":6},"end":{"line":344,"column":null}},"134":{"start":{"line":343,"column":8},"end":{"line":343,"column":null}},"135":{"start":{"line":349,"column":21},"end":{"line":349,"column":23}},"136":{"start":{"line":350,"column":2},"end":{"line":367,"column":null}},"137":{"start":{"line":351,"column":23},"end":{"line":351,"column":62}},"138":{"start":{"line":352,"column":21},"end":{"line":352,"column":22}},"139":{"start":{"line":353,"column":20},"end":{"line":353,"column":21}},"140":{"start":{"line":355,"column":4},"end":{"line":358,"column":null}},"141":{"start":{"line":356,"column":6},"end":{"line":356,"column":null}},"142":{"start":{"line":357,"column":6},"end":{"line":357,"column":null}},"143":{"start":{"line":360,"column":4},"end":{"line":366,"column":null}},"144":{"start":{"line":369,"column":2},"end":{"line":369,"column":null}}},"fnMap":{"0":{"name":"(anonymous_0)","decl":{"start":{"line":36,"column":25},"end":{"line":36,"column":30}},"loc":{"start":{"line":36,"column":72},"end":{"line":96,"column":1}},"line":36},"1":{"name":"(anonymous_1)","decl":{"start":{"line":115,"column":30},"end":{"line":115,"column":35}},"loc":{"start":{"line":115,"column":56},"end":{"line":294,"column":1}},"line":115},"2":{"name":"(anonymous_2)","decl":{"start":{"line":155,"column":28},"end":{"line":155,"column":31}},"loc":{"start":{"line":155,"column":35},"end":{"line":162,"column":7}},"line":155},"3":{"name":"(anonymous_3)","decl":{"start":{"line":195,"column":21},"end":{"line":195,"column":24}},"loc":{"start":{"line":195,"column":28},"end":{"line":258,"column":5}},"line":195},"4":{"name":"(anonymous_4)","decl":{"start":{"line":271,"column":21},"end":{"line":271,"column":22}},"loc":{"start":{"line":271,"column":31},"end":{"line":276,"column":5}},"line":271},"5":{"name":"(anonymous_5)","decl":{"start":{"line":280,"column":37},"end":{"line":280,"column":38}},"loc":{"start":{"line":280,"column":42},"end":{"line":287,"column":5}},"line":280},"6":{"name":"(anonymous_6)","decl":{"start":{"line":300,"column":29},"end":{"line":300,"column":35}},"loc":{"start":{"line":300,"column":39},"end":{"line":321,"column":1}},"line":300},"7":{"name":"(anonymous_7)","decl":{"start":{"line":304,"column":34},"end":{"line":304,"column":35}},"loc":{"start":{"line":304,"column":44},"end":{"line":304,"column":67}},"line":304},"8":{"name":"(anonymous_8)","decl":{"start":{"line":306,"column":17},"end":{"line":306,"column":18}},"loc":{"start":{"line":306,"column":22},"end":{"line":319,"column":3}},"line":306},"9":{"name":"(anonymous_9)","decl":{"start":{"line":326,"column":34},"end":{"line":326,"column":40}},"loc":{"start":{"line":326,"column":44},"end":{"line":370,"column":1}},"line":326},"10":{"name":"(anonymous_10)","decl":{"start":{"line":329,"column":17},"end":{"line":329,"column":18}},"loc":{"start":{"line":329,"column":22},"end":{"line":346,"column":3}},"line":329},"11":{"name":"(anonymous_11)","decl":{"start":{"line":350,"column":38},"end":{"line":350,"column":46}},"loc":{"start":{"line":350,"column":50},"end":{"line":367,"column":3}},"line":350},"12":{"name":"(anonymous_12)","decl":{"start":{"line":355,"column":23},"end":{"line":355,"column":24}},"loc":{"start":{"line":355,"column":28},"end":{"line":358,"column":5}},"line":355}},"branchMap":{"0":{"loc":{"start":{"line":36,"column":55},"end":{"line":36,"column":67}},"type":"default-arg","locations":[{"start":{"line":36,"column":65},"end":{"line":36,"column":67}}],"line":36},"1":{"loc":{"start":{"line":38,"column":4},"end":{"line":38,"column":19}},"type":"default-arg","locations":[{"start":{"line":38,"column":14},"end":{"line":38,"column":19}}],"line":38},"2":{"loc":{"start":{"line":39,"column":4},"end":{"line":39,"column":25}},"type":"default-arg","locations":[{"start":{"line":39,"column":21},"end":{"line":39,"column":25}}],"line":39},"3":{"loc":{"start":{"line":40,"column":4},"end":{"line":40,"column":22}},"type":"default-arg","locations":[{"start":{"line":40,"column":20},"end":{"line":40,"column":22}}],"line":40},"4":{"loc":{"start":{"line":41,"column":4},"end":{"line":41,"column":23}},"type":"default-arg","locations":[{"start":{"line":41,"column":19},"end":{"line":41,"column":23}}],"line":41},"5":{"loc":{"start":{"line":47,"column":2},"end":{"line":50,"column":null}},"type":"if","locations":[{"start":{"line":47,"column":2},"end":{"line":50,"column":null}},{"start":{},"end":{}}],"line":47},"6":{"loc":{"start":{"line":55,"column":26},"end":{"line":55,"column":81}},"type":"cond-expr","locations":[{"start":{"line":55,"column":53},"end":{"line":55,"column":70}},{"start":{"line":55,"column":73},"end":{"line":55,"column":81}}],"line":55},"7":{"loc":{"start":{"line":67,"column":13},"end":{"line":67,"column":34}},"type":"binary-expr","locations":[{"start":{"line":67,"column":13},"end":{"line":67,"column":26}},{"start":{"line":67,"column":30},"end":{"line":67,"column":34}}],"line":67},"8":{"loc":{"start":{"line":78,"column":4},"end":{"line":87,"column":null}},"type":"if","locations":[{"start":{"line":78,"column":4},"end":{"line":87,"column":null}},{"start":{"line":85,"column":11},"end":{"line":87,"column":null}}],"line":78},"9":{"loc":{"start":{"line":80,"column":6},"end":{"line":84,"column":null}},"type":"if","locations":[{"start":{"line":80,"column":6},"end":{"line":84,"column":null}},{"start":{"line":82,"column":13},"end":{"line":84,"column":null}}],"line":80},"10":{"loc":{"start":{"line":82,"column":13},"end":{"line":84,"column":null}},"type":"if","locations":[{"start":{"line":82,"column":13},"end":{"line":84,"column":null}},{"start":{},"end":{}}],"line":82},"11":{"loc":{"start":{"line":82,"column":17},"end":{"line":82,"column":81}},"type":"binary-expr","locations":[{"start":{"line":82,"column":17},"end":{"line":82,"column":37}},{"start":{"line":82,"column":41},"end":{"line":82,"column":81}}],"line":82},"12":{"loc":{"start":{"line":89,"column":4},"end":{"line":91,"column":null}},"type":"if","locations":[{"start":{"line":89,"column":4},"end":{"line":91,"column":null}},{"start":{},"end":{}}],"line":89},"13":{"loc":{"start":{"line":115,"column":37},"end":{"line":115,"column":51}},"type":"default-arg","locations":[{"start":{"line":115,"column":46},"end":{"line":115,"column":51}}],"line":115},"14":{"loc":{"start":{"line":127,"column":4},"end":{"line":130,"column":null}},"type":"if","locations":[{"start":{"line":127,"column":4},"end":{"line":130,"column":null}},{"start":{},"end":{}}],"line":127},"15":{"loc":{"start":{"line":157,"column":8},"end":{"line":161,"column":null}},"type":"if","locations":[{"start":{"line":157,"column":8},"end":{"line":161,"column":null}},{"start":{},"end":{}}],"line":157},"16":{"loc":{"start":{"line":169,"column":4},"end":{"line":174,"column":null}},"type":"if","locations":[{"start":{"line":169,"column":4},"end":{"line":174,"column":null}},{"start":{},"end":{}}],"line":169},"17":{"loc":{"start":{"line":183,"column":17},"end":{"line":183,"column":40}},"type":"cond-expr","locations":[{"start":{"line":183,"column":29},"end":{"line":183,"column":30}},{"start":{"line":183,"column":33},"end":{"line":183,"column":40}}],"line":183},"18":{"loc":{"start":{"line":196,"column":6},"end":{"line":198,"column":null}},"type":"if","locations":[{"start":{"line":196,"column":6},"end":{"line":198,"column":null}},{"start":{},"end":{}}],"line":196},"19":{"loc":{"start":{"line":204,"column":6},"end":{"line":212,"column":null}},"type":"if","locations":[{"start":{"line":204,"column":6},"end":{"line":212,"column":null}},{"start":{"line":206,"column":13},"end":{"line":212,"column":null}}],"line":204},"20":{"loc":{"start":{"line":204,"column":10},"end":{"line":204,"column":71}},"type":"binary-expr","locations":[{"start":{"line":204,"column":10},"end":{"line":204,"column":24}},{"start":{"line":204,"column":28},"end":{"line":204,"column":71}}],"line":204},"21":{"loc":{"start":{"line":206,"column":13},"end":{"line":212,"column":null}},"type":"if","locations":[{"start":{"line":206,"column":13},"end":{"line":212,"column":null}},{"start":{"line":208,"column":13},"end":{"line":212,"column":null}}],"line":206},"22":{"loc":{"start":{"line":206,"column":17},"end":{"line":206,"column":57}},"type":"binary-expr","locations":[{"start":{"line":206,"column":17},"end":{"line":206,"column":31}},{"start":{"line":206,"column":35},"end":{"line":206,"column":57}}],"line":206},"23":{"loc":{"start":{"line":208,"column":13},"end":{"line":212,"column":null}},"type":"if","locations":[{"start":{"line":208,"column":13},"end":{"line":212,"column":null}},{"start":{"line":210,"column":13},"end":{"line":212,"column":null}}],"line":208},"24":{"loc":{"start":{"line":216,"column":24},"end":{"line":216,"column":94}},"type":"binary-expr","locations":[{"start":{"line":216,"column":24},"end":{"line":216,"column":52}},{"start":{"line":216,"column":56},"end":{"line":216,"column":76}},{"start":{"line":216,"column":80},"end":{"line":216,"column":94}}],"line":216},"25":{"loc":{"start":{"line":220,"column":6},"end":{"line":222,"column":null}},"type":"if","locations":[{"start":{"line":220,"column":6},"end":{"line":222,"column":null}},{"start":{},"end":{}}],"line":220},"26":{"loc":{"start":{"line":225,"column":6},"end":{"line":227,"column":null}},"type":"if","locations":[{"start":{"line":225,"column":6},"end":{"line":227,"column":null}},{"start":{},"end":{}}],"line":225},"27":{"loc":{"start":{"line":230,"column":30},"end":{"line":230,"column":91}},"type":"cond-expr","locations":[{"start":{"line":230,"column":60},"end":{"line":230,"column":71}},{"start":{"line":230,"column":74},"end":{"line":230,"column":91}}],"line":230},"28":{"loc":{"start":{"line":232,"column":6},"end":{"line":253,"column":null}},"type":"if","locations":[{"start":{"line":232,"column":6},"end":{"line":253,"column":null}},{"start":{"line":243,"column":13},"end":{"line":253,"column":null}}],"line":232},"29":{"loc":{"start":{"line":234,"column":8},"end":{"line":242,"column":null}},"type":"if","locations":[{"start":{"line":234,"column":8},"end":{"line":242,"column":null}},{"start":{"line":236,"column":15},"end":{"line":242,"column":null}}],"line":234},"30":{"loc":{"start":{"line":239,"column":10},"end":{"line":241,"column":null}},"type":"if","locations":[{"start":{"line":239,"column":10},"end":{"line":241,"column":null}},{"start":{},"end":{}}],"line":239},"31":{"loc":{"start":{"line":243,"column":13},"end":{"line":253,"column":null}},"type":"if","locations":[{"start":{"line":243,"column":13},"end":{"line":253,"column":null}},{"start":{"line":247,"column":13},"end":{"line":253,"column":null}}],"line":243},"32":{"loc":{"start":{"line":244,"column":8},"end":{"line":246,"column":null}},"type":"if","locations":[{"start":{"line":244,"column":8},"end":{"line":246,"column":null}},{"start":{},"end":{}}],"line":244},"33":{"loc":{"start":{"line":247,"column":13},"end":{"line":253,"column":null}},"type":"if","locations":[{"start":{"line":247,"column":13},"end":{"line":253,"column":null}},{"start":{"line":251,"column":13},"end":{"line":253,"column":null}}],"line":247},"34":{"loc":{"start":{"line":248,"column":8},"end":{"line":250,"column":null}},"type":"if","locations":[{"start":{"line":248,"column":8},"end":{"line":250,"column":null}},{"start":{},"end":{}}],"line":248},"35":{"loc":{"start":{"line":251,"column":13},"end":{"line":253,"column":null}},"type":"if","locations":[{"start":{"line":251,"column":13},"end":{"line":253,"column":null}},{"start":{},"end":{}}],"line":251},"36":{"loc":{"start":{"line":255,"column":6},"end":{"line":257,"column":null}},"type":"if","locations":[{"start":{"line":255,"column":6},"end":{"line":257,"column":null}},{"start":{},"end":{}}],"line":255},"37":{"loc":{"start":{"line":262,"column":4},"end":{"line":268,"column":null}},"type":"if","locations":[{"start":{"line":262,"column":4},"end":{"line":268,"column":null}},{"start":{"line":265,"column":11},"end":{"line":268,"column":null}}],"line":262},"38":{"loc":{"start":{"line":272,"column":6},"end":{"line":274,"column":null}},"type":"if","locations":[{"start":{"line":272,"column":6},"end":{"line":274,"column":null}},{"start":{},"end":{}}],"line":272},"39":{"loc":{"start":{"line":282,"column":6},"end":{"line":284,"column":null}},"type":"if","locations":[{"start":{"line":282,"column":6},"end":{"line":284,"column":null}},{"start":{},"end":{}}],"line":282},"40":{"loc":{"start":{"line":307,"column":4},"end":{"line":318,"column":null}},"type":"if","locations":[{"start":{"line":307,"column":4},"end":{"line":318,"column":null}},{"start":{"line":310,"column":11},"end":{"line":318,"column":null}}],"line":307},"41":{"loc":{"start":{"line":314,"column":6},"end":{"line":316,"column":null}},"type":"if","locations":[{"start":{"line":314,"column":6},"end":{"line":316,"column":null}},{"start":{},"end":{}}],"line":314},"42":{"loc":{"start":{"line":314,"column":10},"end":{"line":314,"column":46}},"type":"binary-expr","locations":[{"start":{"line":314,"column":10},"end":{"line":314,"column":19}},{"start":{"line":314,"column":23},"end":{"line":314,"column":46}}],"line":314},"43":{"loc":{"start":{"line":333,"column":4},"end":{"line":335,"column":null}},"type":"if","locations":[{"start":{"line":333,"column":4},"end":{"line":335,"column":null}},{"start":{},"end":{}}],"line":333},"44":{"loc":{"start":{"line":337,"column":4},"end":{"line":345,"column":null}},"type":"if","locations":[{"start":{"line":337,"column":4},"end":{"line":345,"column":null}},{"start":{"line":339,"column":11},"end":{"line":345,"column":null}}],"line":337},"45":{"loc":{"start":{"line":342,"column":6},"end":{"line":344,"column":null}},"type":"if","locations":[{"start":{"line":342,"column":6},"end":{"line":344,"column":null}},{"start":{},"end":{}}],"line":342},"46":{"loc":{"start":{"line":364,"column":12},"end":{"line":364,"column":65}},"type":"cond-expr","locations":[{"start":{"line":364,"column":32},"end":{"line":364,"column":61}},{"start":{"line":364,"column":64},"end":{"line":364,"column":65}}],"line":364}},"s":{"0":1,"1":1,"2":1,"3":12,"4":12,"5":12,"6":2,"7":2,"8":10,"9":10,"10":10,"11":12,"12":12,"13":9,"14":9,"15":9,"16":9,"17":9,"18":4,"19":4,"20":1,"21":3,"22":1,"23":5,"24":9,"25":7,"26":1,"27":1,"28":1,"29":6,"30":6,"31":6,"32":6,"33":6,"34":6,"35":5,"36":5,"37":5,"38":5,"39":5,"40":7,"41":7,"42":0,"43":0,"44":5,"45":5,"46":5,"47":5,"48":5,"49":5,"50":5,"51":6,"52":6,"53":6,"54":6,"55":6,"56":6,"57":6,"58":7,"59":0,"60":7,"61":7,"62":7,"63":0,"64":7,"65":0,"66":7,"67":0,"68":7,"69":7,"70":7,"71":7,"72":0,"73":7,"74":7,"75":0,"76":7,"77":7,"78":1,"79":1,"80":0,"81":0,"82":0,"83":0,"84":6,"85":0,"86":0,"87":6,"88":0,"89":0,"90":6,"91":6,"92":7,"93":7,"94":6,"95":6,"96":1,"97":4,"98":5,"99":2,"100":2,"101":0,"102":5,"103":5,"104":6,"105":6,"106":0,"107":6,"108":6,"109":5,"110":1,"111":1,"112":1,"113":1,"114":1,"115":0,"116":1,"117":1,"118":1,"119":0,"120":0,"121":0,"122":1,"123":1,"124":4,"125":4,"126":6,"127":6,"128":6,"129":5,"130":6,"131":5,"132":1,"133":1,"134":0,"135":4,"136":4,"137":5,"138":5,"139":5,"140":5,"141":5,"142":5,"143":5,"144":4},"f":{"0":12,"1":6,"2":7,"3":7,"4":2,"5":6,"6":1,"7":0,"8":1,"9":4,"10":6,"11":5,"12":5},"b":{"0":[12],"1":[12],"2":[12],"3":[12],"4":[12],"5":[2,10],"6":[0,10],"7":[12,10],"8":[4,5],"9":[1,3],"10":[1,2],"11":[3,2],"12":[7,2],"13":[6],"14":[6,0],"15":[0,7],"16":[5,0],"17":[0,5],"18":[0,7],"19":[0,7],"20":[7,0],"21":[0,7],"22":[7,0],"23":[0,7],"24":[7,0,0],"25":[0,7],"26":[0,7],"27":[0,7],"28":[1,6],"29":[1,0],"30":[0,0],"31":[0,6],"32":[0,0],"33":[0,6],"34":[0,0],"35":[6,0],"36":[7,0],"37":[1,4],"38":[2,0],"39":[0,6],"40":[1,0],"41":[0,0],"42":[0,0],"43":[5,1],"44":[5,1],"45":[0,1],"46":[5,0]},"meta":{"lastBranch":47,"lastFunction":13,"lastStatement":145,"seen":{"s:18:30:18:42":0,"s:19:26:19:34":1,"s:36:25:96:1":2,"f:36:25:36:30":0,"b:36:65:36:67":0,"s:42:6:42:13":3,"b:38:14:38:19":1,"b:39:21:39:25":2,"b:40:20:40:22":3,"b:41:19:41:23":4,"s:44:2:46:Infinity":4,"b:47:2:50:Infinity:undefined:undefined:undefined:undefined":5,"s:47:2:50:Infinity":5,"s:48:4:48:Infinity":6,"s:49:4:49:Infinity":7,"s:52:2:95:Infinity":8,"s:53:16:53:31":9,"s:55:26:55:81":10,"b:55:53:55:70:55:73:55:81":6,"s:56:22:68:5":11,"b:67:13:67:26:67:30:67:34":7,"s:70:4:70:Infinity":12,"s:73:30:73:63":13,"s:74:22:74:72":14,"s:75:20:75:44":15,"s:76:23:76:28":16,"b:78:4:87:Infinity:85:11:87:Infinity":8,"s:78:4:87:Infinity":17,"s:79:19:79:33":18,"b:80:6:84:Infinity:82:13:84:Infinity":9,"s:80:6:84:Infinity":19,"s:81:8:81:Infinity":20,"b:82:13:84:Infinity:undefined:undefined:undefined:undefined":10,"s:82:13:84:Infinity":21,"b:82:17:82:37:82:41:82:81":11,"s:83:8:83:Infinity":22,"s:86:6:86:Infinity":23,"b:89:4:91:Infinity:undefined:undefined:undefined:undefined":12,"s:89:4:91:Infinity":24,"s:90:6:90:Infinity":25,"s:93:4:93:Infinity":26,"s:94:4:94:Infinity":27,"s:115:30:294:1":28,"f:115:30:115:35":1,"b:115:46:115:51":13,"s:116:2:293:Infinity":29,"s:122:21:122:55":30,"s:125:13:125:99":31,"b:127:4:130:Infinity:undefined:undefined:undefined:undefined":14,"s:127:4:130:Infinity":32,"s:129:6:129:Infinity":33,"s:141:21:141:37":34,"s:151:25:151:27":35,"s:152:4:165:Infinity":36,"s:153:22:153:46":37,"s:154:28:154:91":38,"s:155:6:162:Infinity":39,"f:155:28:155:31":2,"s:156:18:156:28":40,"b:157:8:161:Infinity:undefined:undefined:undefined:undefined":15,"s:157:8:161:Infinity":41,"s:158:10:158:Infinity":42,"s:164:6:164:Infinity":43,"b:169:4:174:Infinity:undefined:undefined:undefined:undefined":16,"s:169:4:174:Infinity":44,"s:171:6:173:Infinity":45,"s:176:22:176:24":46,"s:178:23:178:33":47,"s:179:4:179:Infinity":48,"s:182:16:182:35":49,"s:183:17:183:40":50,"b:183:29:183:30:183:33:183:40":17,"s:184:24:184:44":51,"s:185:4:185:Infinity":52,"s:186:4:186:Infinity":53,"s:189:25:189:85":54,"s:191:21:191:36":55,"s:193:24:193:33":56,"s:195:4:258:Infinity":57,"f:195:21:195:24":3,"b:196:6:198:Infinity:undefined:undefined:undefined:undefined":18,"s:196:6:198:Infinity":58,"s:197:8:197:Infinity":59,"s:199:6:199:Infinity":60,"s:201:19:201:29":61,"b:204:6:212:Infinity:206:13:212:Infinity":19,"s:204:6:212:Infinity":62,"b:204:10:204:24:204:28:204:71":20,"s:205:8:205:Infinity":63,"b:206:13:212:Infinity:208:13:212:Infinity":21,"s:206:13:212:Infinity":64,"b:206:17:206:31:206:35:206:57":22,"s:207:8:207:Infinity":65,"b:208:13:212:Infinity:210:13:212:Infinity":23,"s:208:13:212:Infinity":66,"s:209:8:209:Infinity":67,"s:211:8:211:Infinity":68,"s:214:20:214:25":69,"s:216:24:216:94":70,"b:216:24:216:52:216:56:216:76:216:80:216:94":24,"b:220:6:222:Infinity:undefined:undefined:undefined:undefined":25,"s:220:6:222:Infinity":71,"s:221:8:221:Infinity":72,"s:224:24:224:52":73,"b:225:6:227:Infinity:undefined:undefined:undefined:undefined":26,"s:225:6:227:Infinity":74,"s:226:8:226:Infinity":75,"s:230:30:230:91":76,"b:230:60:230:71:230:74:230:91":27,"b:232:6:253:Infinity:243:13:253:Infinity":28,"s:232:6:253:Infinity":77,"b:234:8:242:Infinity:236:15:242:Infinity":29,"s:234:8:242:Infinity":78,"s:235:10:235:Infinity":79,"s:237:20:237:34":80,"s:238:10:238:Infinity":81,"b:239:10:241:Infinity:undefined:undefined:undefined:undefined":30,"s:239:10:241:Infinity":82,"s:240:12:240:Infinity":83,"b:243:13:253:Infinity:247:13:253:Infinity":31,"s:243:13:253:Infinity":84,"b:244:8:246:Infinity:undefined:undefined:undefined:undefined":32,"s:244:8:246:Infinity":85,"s:245:10:245:Infinity":86,"b:247:13:253:Infinity:251:13:253:Infinity":33,"s:247:13:253:Infinity":87,"b:248:8:250:Infinity:undefined:undefined:undefined:undefined":34,"s:248:8:250:Infinity":88,"s:249:10:249:Infinity":89,"b:251:13:253:Infinity:undefined:undefined:undefined:undefined":35,"s:251:13:253:Infinity":90,"s:252:8:252:Infinity":91,"b:255:6:257:Infinity:undefined:undefined:undefined:undefined":36,"s:255:6:257:Infinity":92,"s:256:8:256:Infinity":93,"s:260:22:260:24":94,"b:262:4:268:Infinity:265:11:268:Infinity":37,"s:262:4:268:Infinity":95,"s:264:6:264:Infinity":96,"s:267:6:267:Infinity":97,"s:271:4:276:Infinity":98,"f:271:21:271:22":4,"b:272:6:274:Infinity:undefined:undefined:undefined:undefined":38,"s:272:6:274:Infinity":99,"s:273:8:273:Infinity":100,"s:275:6:275:Infinity":101,"s:279:17:279:26":102,"s:280:4:287:Infinity":103,"f:280:37:280:38":5,"s:281:16:281:40":104,"b:282:6:284:Infinity:undefined:undefined:undefined:undefined":39,"s:282:6:284:Infinity":105,"s:283:8:283:Infinity":106,"s:285:6:285:Infinity":107,"s:286:6:286:Infinity":108,"s:289:4:289:36":109,"s:291:4:291:Infinity":110,"s:292:4:292:Infinity":111,"s:300:29:321:1":112,"f:300:29:300:35":6,"s:301:20:301:22":113,"s:304:17:304:68":114,"f:304:34:304:35":7,"s:304:44:304:67":115,"s:306:2:319:Infinity":116,"f:306:17:306:18":8,"b:307:4:318:Infinity:310:11:318:Infinity":40,"s:307:4:318:Infinity":117,"s:309:6:309:Infinity":118,"s:311:22:311:43":119,"b:314:6:316:Infinity:undefined:undefined:undefined:undefined":41,"s:314:6:316:Infinity":120,"b:314:10:314:19:314:23:314:46":42,"s:315:8:315:Infinity":121,"s:320:2:320:Infinity":122,"s:326:34:370:1":123,"f:326:34:326:40":9,"s:327:25:327:27":124,"s:329:2:346:Infinity":125,"f:329:17:329:18":10,"s:330:20:330:58":126,"s:331:21:331:31":127,"b:333:4:335:Infinity:undefined:undefined:undefined:undefined":43,"s:333:4:335:Infinity":128,"s:334:6:334:Infinity":129,"b:337:4:345:Infinity:339:11:345:Infinity":44,"s:337:4:345:Infinity":130,"s:338:6:338:Infinity":131,"s:341:27:341:60":132,"b:342:6:344:Infinity:undefined:undefined:undefined:undefined":45,"s:342:6:344:Infinity":133,"s:343:8:343:Infinity":134,"s:349:21:349:23":135,"s:350:2:367:Infinity":136,"f:350:38:350:46":11,"s:351:23:351:62":137,"s:352:21:352:22":138,"s:353:20:353:21":139,"s:355:4:358:Infinity":140,"f:355:23:355:24":12,"s:356:6:356:Infinity":141,"s:357:6:357:Infinity":142,"s:360:4:366:Infinity":143,"b:364:32:364:61:364:64:364:65":46,"s:369:2:369:Infinity":144}}}
,"/Users/robertosanchezgallego/Desktop/Girify/src/utils/scoring.ts": {"path":"/Users/robertosanchezgallego/Desktop/Girify/src/utils/scoring.ts","statementMap":{"0":{"start":{"line":25,"column":2},"end":{"line":25,"column":null}},"1":{"start":{"line":34,"column":2},"end":{"line":36,"column":null}},"2":{"start":{"line":35,"column":4},"end":{"line":35,"column":null}},"3":{"start":{"line":37,"column":2},"end":{"line":39,"column":null}},"4":{"start":{"line":38,"column":4},"end":{"line":38,"column":null}},"5":{"start":{"line":40,"column":2},"end":{"line":42,"column":null}},"6":{"start":{"line":41,"column":4},"end":{"line":41,"column":null}},"7":{"start":{"line":43,"column":2},"end":{"line":45,"column":null}},"8":{"start":{"line":44,"column":4},"end":{"line":44,"column":null}},"9":{"start":{"line":46,"column":2},"end":{"line":48,"column":null}},"10":{"start":{"line":47,"column":4},"end":{"line":47,"column":null}},"11":{"start":{"line":49,"column":2},"end":{"line":49,"column":null}},"12":{"start":{"line":59,"column":32},"end":{"line":70,"column":null}},"13":{"start":{"line":60,"column":2},"end":{"line":62,"column":null}},"14":{"start":{"line":61,"column":4},"end":{"line":61,"column":null}},"15":{"start":{"line":63,"column":2},"end":{"line":65,"column":null}},"16":{"start":{"line":64,"column":4},"end":{"line":64,"column":null}},"17":{"start":{"line":66,"column":2},"end":{"line":68,"column":null}},"18":{"start":{"line":67,"column":4},"end":{"line":67,"column":null}},"19":{"start":{"line":69,"column":2},"end":{"line":69,"column":null}},"20":{"start":{"line":78,"column":2},"end":{"line":80,"column":null}},"21":{"start":{"line":79,"column":4},"end":{"line":79,"column":null}},"22":{"start":{"line":81,"column":2},"end":{"line":83,"column":null}},"23":{"start":{"line":82,"column":4},"end":{"line":82,"column":null}},"24":{"start":{"line":84,"column":2},"end":{"line":86,"column":null}},"25":{"start":{"line":85,"column":4},"end":{"line":85,"column":null}},"26":{"start":{"line":87,"column":2},"end":{"line":89,"column":null}},"27":{"start":{"line":88,"column":4},"end":{"line":88,"column":null}},"28":{"start":{"line":90,"column":2},"end":{"line":92,"column":null}},"29":{"start":{"line":91,"column":4},"end":{"line":91,"column":null}},"30":{"start":{"line":93,"column":2},"end":{"line":93,"column":null}}},"fnMap":{"0":{"name":"calculateTimeScore","decl":{"start":{"line":20,"column":16},"end":{"line":20,"column":null}},"loc":{"start":{"line":24,"column":10},"end":{"line":26,"column":null}},"line":24},"1":{"name":"getScoreTier","decl":{"start":{"line":33,"column":16},"end":{"line":33,"column":29}},"loc":{"start":{"line":33,"column":53},"end":{"line":50,"column":null}},"line":33},"2":{"name":"(anonymous_2)","decl":{"start":{"line":59,"column":32},"end":{"line":59,"column":33}},"loc":{"start":{"line":59,"column":64},"end":{"line":70,"column":null}},"line":59},"3":{"name":"getScoreTierColor","decl":{"start":{"line":77,"column":16},"end":{"line":77,"column":34}},"loc":{"start":{"line":77,"column":58},"end":{"line":94,"column":null}},"line":77}},"branchMap":{"0":{"loc":{"start":{"line":23,"column":2},"end":{"line":23,"column":null}},"type":"default-arg","locations":[{"start":{"line":23,"column":23},"end":{"line":23,"column":null}}],"line":23},"1":{"loc":{"start":{"line":34,"column":2},"end":{"line":36,"column":null}},"type":"if","locations":[{"start":{"line":34,"column":2},"end":{"line":36,"column":null}},{"start":{},"end":{}}],"line":34},"2":{"loc":{"start":{"line":37,"column":2},"end":{"line":39,"column":null}},"type":"if","locations":[{"start":{"line":37,"column":2},"end":{"line":39,"column":null}},{"start":{},"end":{}}],"line":37},"3":{"loc":{"start":{"line":40,"column":2},"end":{"line":42,"column":null}},"type":"if","locations":[{"start":{"line":40,"column":2},"end":{"line":42,"column":null}},{"start":{},"end":{}}],"line":40},"4":{"loc":{"start":{"line":43,"column":2},"end":{"line":45,"column":null}},"type":"if","locations":[{"start":{"line":43,"column":2},"end":{"line":45,"column":null}},{"start":{},"end":{}}],"line":43},"5":{"loc":{"start":{"line":46,"column":2},"end":{"line":48,"column":null}},"type":"if","locations":[{"start":{"line":46,"column":2},"end":{"line":48,"column":null}},{"start":{},"end":{}}],"line":46},"6":{"loc":{"start":{"line":60,"column":2},"end":{"line":62,"column":null}},"type":"if","locations":[{"start":{"line":60,"column":2},"end":{"line":62,"column":null}},{"start":{},"end":{}}],"line":60},"7":{"loc":{"start":{"line":63,"column":2},"end":{"line":65,"column":null}},"type":"if","locations":[{"start":{"line":63,"column":2},"end":{"line":65,"column":null}},{"start":{},"end":{}}],"line":63},"8":{"loc":{"start":{"line":66,"column":2},"end":{"line":68,"column":null}},"type":"if","locations":[{"start":{"line":66,"column":2},"end":{"line":68,"column":null}},{"start":{},"end":{}}],"line":66},"9":{"loc":{"start":{"line":78,"column":2},"end":{"line":80,"column":null}},"type":"if","locations":[{"start":{"line":78,"column":2},"end":{"line":80,"column":null}},{"start":{},"end":{}}],"line":78},"10":{"loc":{"start":{"line":81,"column":2},"end":{"line":83,"column":null}},"type":"if","locations":[{"start":{"line":81,"column":2},"end":{"line":83,"column":null}},{"start":{},"end":{}}],"line":81},"11":{"loc":{"start":{"line":84,"column":2},"end":{"line":86,"column":null}},"type":"if","locations":[{"start":{"line":84,"column":2},"end":{"line":86,"column":null}},{"start":{},"end":{}}],"line":84},"12":{"loc":{"start":{"line":87,"column":2},"end":{"line":89,"column":null}},"type":"if","locations":[{"start":{"line":87,"column":2},"end":{"line":89,"column":null}},{"start":{},"end":{}}],"line":87},"13":{"loc":{"start":{"line":90,"column":2},"end":{"line":92,"column":null}},"type":"if","locations":[{"start":{"line":90,"column":2},"end":{"line":92,"column":null}},{"start":{},"end":{}}],"line":90}},"s":{"0":0,"1":6,"2":1,"3":5,"4":1,"5":4,"6":1,"7":3,"8":1,"9":2,"10":1,"11":1,"12":1,"13":0,"14":0,"15":0,"16":0,"17":0,"18":0,"19":0,"20":6,"21":1,"22":5,"23":1,"24":4,"25":1,"26":3,"27":1,"28":2,"29":1,"30":1},"f":{"0":0,"1":6,"2":0,"3":6},"b":{"0":[0],"1":[1,5],"2":[1,4],"3":[1,3],"4":[1,2],"5":[1,1],"6":[0,0],"7":[0,0],"8":[0,0],"9":[1,5],"10":[1,4],"11":[1,3],"12":[1,2],"13":[1,1]},"meta":{"lastBranch":14,"lastFunction":4,"lastStatement":31,"seen":{"f:20:16:20:Infinity":0,"b:23:23:23:Infinity":0,"s:25:2:25:Infinity":0,"f:33:16:33:29":1,"b:34:2:36:Infinity:undefined:undefined:undefined:undefined":1,"s:34:2:36:Infinity":1,"s:35:4:35:Infinity":2,"b:37:2:39:Infinity:undefined:undefined:undefined:undefined":2,"s:37:2:39:Infinity":3,"s:38:4:38:Infinity":4,"b:40:2:42:Infinity:undefined:undefined:undefined:undefined":3,"s:40:2:42:Infinity":5,"s:41:4:41:Infinity":6,"b:43:2:45:Infinity:undefined:undefined:undefined:undefined":4,"s:43:2:45:Infinity":7,"s:44:4:44:Infinity":8,"b:46:2:48:Infinity:undefined:undefined:undefined:undefined":5,"s:46:2:48:Infinity":9,"s:47:4:47:Infinity":10,"s:49:2:49:Infinity":11,"s:59:32:70:Infinity":12,"f:59:32:59:33":2,"b:60:2:62:Infinity:undefined:undefined:undefined:undefined":6,"s:60:2:62:Infinity":13,"s:61:4:61:Infinity":14,"b:63:2:65:Infinity:undefined:undefined:undefined:undefined":7,"s:63:2:65:Infinity":15,"s:64:4:64:Infinity":16,"b:66:2:68:Infinity:undefined:undefined:undefined:undefined":8,"s:66:2:68:Infinity":17,"s:67:4:67:Infinity":18,"s:69:2:69:Infinity":19,"f:77:16:77:34":3,"b:78:2:80:Infinity:undefined:undefined:undefined:undefined":9,"s:78:2:80:Infinity":20,"s:79:4:79:Infinity":21,"b:81:2:83:Infinity:undefined:undefined:undefined:undefined":10,"s:81:2:83:Infinity":22,"s:82:4:82:Infinity":23,"b:84:2:86:Infinity:undefined:undefined:undefined:undefined":11,"s:84:2:86:Infinity":24,"s:85:4:85:Infinity":25,"b:87:2:89:Infinity:undefined:undefined:undefined:undefined":12,"s:87:2:89:Infinity":26,"s:88:4:88:Infinity":27,"b:90:2:92:Infinity:undefined:undefined:undefined:undefined":13,"s:90:2:92:Infinity":28,"s:91:4:91:Infinity":29,"s:93:2:93:Infinity":30}}}
}
