TN:
SF:src/components/GameScreen.tsx
FN:35,(anonymous_0)
FN:49,(anonymous_1)
FN:55,(anonymous_2)
FN:56,(anonymous_3)
FN:66,(anonymous_4)
FN:69,(anonymous_5)
FN:72,(anonymous_6)
FN:106,(anonymous_7)
FN:128,(anonymous_8)
FN:150,(anonymous_9)
FN:195,(anonymous_10)
FN:216,(anonymous_11)
FN:224,(anonymous_12)
FN:254,(anonymous_13)
FN:283,(anonymous_14)
FN:291,(anonymous_15)
FNF:16
FNH:5
FNDA:6,(anonymous_0)
FNDA:6,(anonymous_1)
FNDA:6,(anonymous_2)
FNDA:0,(anonymous_3)
FNDA:6,(anonymous_4)
FNDA:0,(anonymous_5)
FNDA:0,(anonymous_6)
FNDA:0,(anonymous_7)
FNDA:0,(anonymous_8)
FNDA:0,(anonymous_9)
FNDA:1,(anonymous_10)
FNDA:0,(anonymous_11)
FNDA:0,(anonymous_12)
FNDA:0,(anonymous_13)
FNDA:0,(anonymous_14)
FNDA:0,(anonymous_15)
DA:35,1
DA:49,6
DA:50,6
DA:51,6
DA:55,6
DA:56,6
DA:57,0
DA:58,0
DA:59,0
DA:60,0
DA:61,0
DA:63,0
DA:65,6
DA:66,6
DA:69,6
DA:70,0
DA:71,0
DA:72,0
DA:73,0
DA:75,0
DA:76,0
DA:80,6
DA:106,0
DA:129,0
DA:130,0
DA:131,0
DA:133,0
DA:134,0
DA:136,0
DA:150,0
DA:195,1
DA:217,0
DA:218,0
DA:219,0
DA:221,0
DA:225,0
DA:255,0
DA:256,0
DA:257,0
DA:259,0
DA:283,0
DA:291,0
LF:42
LH:11
BRDA:51,0,0,6
BRDA:51,0,1,6
BRDA:57,1,0,0
BRDA:57,1,1,0
BRDA:58,2,0,0
BRDA:58,2,1,0
BRDA:70,3,0,0
BRDA:70,3,1,0
BRDA:70,4,0,0
BRDA:70,4,1,0
BRDA:75,5,0,0
BRDA:75,5,1,0
BRDA:82,6,0,0
BRDA:82,6,1,6
BRDA:84,7,0,6
BRDA:84,7,1,1
BRDA:92,8,0,0
BRDA:92,8,1,6
BRDA:96,9,0,0
BRDA:96,9,1,6
BRDA:99,10,0,6
BRDA:99,10,1,6
BRDA:101,11,0,1
BRDA:101,11,1,5
BRDA:111,12,0,6
BRDA:111,12,1,1
BRDA:117,13,0,0
BRDA:117,13,1,1
BRDA:130,14,0,0
BRDA:130,14,1,0
BRDA:133,15,0,0
BRDA:133,15,1,0
BRDA:154,16,0,1
BRDA:154,16,1,1
BRDA:160,17,0,1
BRDA:160,17,1,1
BRDA:170,18,0,6
BRDA:170,18,1,3
BRDA:170,18,2,2
BRDA:177,19,0,0
BRDA:177,19,1,2
BRDA:184,20,0,0
BRDA:184,20,1,2
BRDA:186,21,0,2
BRDA:186,21,1,0
BRDA:189,22,0,0
BRDA:189,22,1,2
BRDA:191,23,0,2
BRDA:191,23,1,0
BRDA:192,24,0,2
BRDA:192,24,1,0
BRDA:192,25,0,2
BRDA:192,25,1,2
BRDA:197,26,0,0
BRDA:197,26,1,2
BRDA:203,27,0,0
BRDA:203,27,1,2
BRDA:203,28,0,0
BRDA:203,28,1,0
BRDA:203,29,0,2
BRDA:203,29,1,0
BRDA:212,30,0,6
BRDA:212,30,1,3
BRDA:212,30,2,1
BRDA:218,31,0,0
BRDA:218,31,1,0
BRDA:230,32,0,6
BRDA:230,32,1,0
BRDA:232,33,0,0
BRDA:232,33,1,0
BRDA:256,34,0,0
BRDA:256,34,1,0
BRDA:264,35,0,0
BRDA:264,35,1,0
BRDA:269,36,0,6
BRDA:269,36,1,1
BRDA:273,37,0,6
BRDA:273,37,1,1
BRDA:280,38,0,1
BRDA:280,38,1,0
BRDA:281,39,0,1
BRDA:281,39,1,0
BRDA:291,40,0,6
BRDA:291,40,1,2
BRF:84
BRH:44
end_of_record
TN:
SF:src/config/constants.ts
FNF:0
FNH:0
DA:3,1
DA:20,1
DA:34,1
DA:56,1
DA:73,1
DA:91,1
DA:112,1
DA:119,1
DA:126,1
DA:135,1
DA:159,1
DA:166,1
DA:176,1
DA:183,1
DA:192,1
LF:15
LH:15
BRF:0
BRH:0
end_of_record
TN:
SF:src/config/gameConfig.ts
FN:3,(anonymous_0)
FN:28,(anonymous_1)
FN:32,(anonymous_2)
FNF:3
FNH:2
FNDA:9,(anonymous_0)
FNDA:1,(anonymous_1)
FNDA:0,(anonymous_2)
DA:3,1
DA:8,9
DA:9,1
DA:12,8
DA:15,8
DA:16,6
DA:19,6
DA:23,8
DA:25,8
DA:28,1
DA:29,1
DA:32,1
DA:36,0
DA:37,0
DA:40,0
DA:41,0
DA:43,0
LF:17
LH:12
BRDA:8,0,0,1
BRDA:8,0,1,8
BRDA:15,1,0,6
BRDA:15,1,1,2
BRDA:34,2,0,0
BRDA:36,3,0,0
BRDA:36,3,1,0
BRDA:41,4,0,0
BRDA:41,4,1,0
BRDA:43,5,0,0
BRDA:43,5,1,0
BRF:11
BRH:4
end_of_record
TN:
SF:src/hooks/useScoreCalculator.ts
FN:16,useScoreCalculator
FN:26,(anonymous_1)
FNF:2
FNH:2
FNDA:4,useScoreCalculator
FNDA:1,(anonymous_1)
DA:25,4
DA:27,1
DA:32,4
LF:3
LH:3
BRDA:26,0,0,1
BRF:1
BRH:1
end_of_record
TN:
SF:src/utils/dailyChallenge.js
FN:11,seededRandom
FN:20,getTodaySeed
FN:34,seededShuffle
FN:58,getSeedForDate
FN:77,(anonymous_4)
FN:95,selectDailyStreets
FN:108,(anonymous_6)
FN:110,(anonymous_7)
FN:111,(anonymous_8)
FN:112,(anonymous_9)
FN:113,(anonymous_10)
FN:132,(anonymous_11)
FN:136,(anonymous_12)
FN:152,hasPlayedToday
FN:161,markTodayAsPlayed
FN:170,getTimeUntilNext
FN:190,selectDistractors
FN:191,(anonymous_17)
FN:202,(anonymous_18)
FN:205,(anonymous_19)
FN:209,(anonymous_20)
FN:232,shuffleOptions
FNF:22
FNH:15
FNDA:715,seededRandom
FNDA:21,getTodaySeed
FNDA:117,seededShuffle
FNDA:91,getSeedForDate
FNDA:0,(anonymous_4)
FNDA:13,selectDailyStreets
FNDA:104,(anonymous_6)
FNDA:1512,(anonymous_7)
FNDA:1512,(anonymous_8)
FNDA:1512,(anonymous_9)
FNDA:1512,(anonymous_10)
FNDA:875,(anonymous_11)
FNDA:189,(anonymous_12)
FNDA:8,hasPlayedToday
FNDA:3,markTodayAsPlayed
FNDA:4,getTimeUntilNext
FNDA:0,selectDistractors
FNDA:0,(anonymous_17)
FNDA:0,(anonymous_18)
FNDA:0,(anonymous_19)
FNDA:0,(anonymous_20)
FNDA:0,shuffleOptions
DA:12,715
DA:13,715
DA:21,21
DA:22,21
DA:23,21
DA:24,21
DA:25,21
DA:35,117
DA:36,117
DA:38,117
DA:39,1520
DA:40,1520
DA:41,1520
DA:44,117
DA:59,91
DA:60,91
DA:61,91
DA:63,91
DA:66,91
DA:77,1
DA:78,0
DA:79,0
DA:85,0
DA:86,0
DA:97,13
DA:100,13
DA:101,13
DA:102,13
DA:103,13
DA:104,13
DA:108,13
DA:109,104
DA:110,1512
DA:111,1512
DA:112,1512
DA:113,1512
DA:114,104
DA:115,104
DA:116,8
DA:118,104
DA:121,13
DA:122,91
DA:123,91
DA:124,91
DA:131,91
DA:132,875
DA:136,189
DA:139,91
DA:142,13
DA:145,13
DA:153,8
DA:154,8
DA:155,8
DA:162,3
DA:163,3
DA:171,4
DA:172,4
DA:173,4
DA:174,4
DA:176,4
DA:177,4
DA:178,4
DA:180,4
DA:191,0
DA:192,0
DA:193,0
DA:195,0
DA:198,0
DA:201,0
DA:202,0
DA:204,0
DA:205,0
DA:209,0
DA:210,0
DA:211,0
DA:212,0
DA:215,0
DA:217,0
DA:222,0
DA:223,0
DA:233,0
LF:81
LH:59
BRDA:78,0,0,0
BRDA:78,0,1,0
BRDA:78,1,0,0
BRDA:78,1,1,0
BRDA:115,2,0,8
BRDA:115,2,1,96
BRDA:139,3,0,0
BRDA:139,3,1,13
BRDA:192,4,0,0
BRDA:192,4,1,0
BRDA:198,5,0,0
BRDA:198,5,1,0
BRDA:202,6,0,0
BRDA:202,6,1,0
BRDA:204,7,0,0
BRDA:204,7,1,0
BRDA:212,8,0,0
BRDA:212,8,1,0
BRDA:212,8,2,0
BRDA:215,9,0,0
BRDA:215,9,1,0
BRF:21
BRH:3
end_of_record
TN:
SF:src/utils/leaderboard.js
FN:36,(anonymous_0)
FN:115,(anonymous_1)
FN:155,(anonymous_2)
FN:195,(anonymous_3)
FN:271,(anonymous_4)
FN:280,(anonymous_5)
FN:300,(anonymous_6)
FN:304,(anonymous_7)
FN:306,(anonymous_8)
FN:326,(anonymous_9)
FN:329,(anonymous_10)
FN:350,(anonymous_11)
FN:355,(anonymous_12)
FNF:13
FNH:12
FNDA:12,(anonymous_0)
FNDA:6,(anonymous_1)
FNDA:7,(anonymous_2)
FNDA:7,(anonymous_3)
FNDA:2,(anonymous_4)
FNDA:6,(anonymous_5)
FNDA:1,(anonymous_6)
FNDA:0,(anonymous_7)
FNDA:1,(anonymous_8)
FNDA:4,(anonymous_9)
FNDA:6,(anonymous_10)
FNDA:5,(anonymous_11)
FNDA:5,(anonymous_12)
DA:18,1
DA:19,1
DA:36,1
DA:42,12
DA:44,12
DA:47,12
DA:48,2
DA:49,2
DA:52,10
DA:53,10
DA:55,10
DA:56,12
DA:70,12
DA:73,9
DA:74,9
DA:75,9
DA:76,9
DA:78,9
DA:79,4
DA:80,4
DA:81,1
DA:82,3
DA:83,1
DA:86,5
DA:89,9
DA:90,7
DA:93,1
DA:94,1
DA:115,1
DA:116,6
DA:122,6
DA:125,6
DA:127,6
DA:129,6
DA:141,6
DA:151,5
DA:152,5
DA:153,5
DA:154,5
DA:155,5
DA:156,7
DA:157,7
DA:158,0
DA:164,0
DA:169,5
DA:171,5
DA:176,5
DA:178,5
DA:179,5
DA:182,5
DA:183,5
DA:184,6
DA:185,6
DA:186,6
DA:189,6
DA:191,6
DA:193,6
DA:195,6
DA:196,7
DA:197,0
DA:199,7
DA:201,7
DA:204,7
DA:205,0
DA:206,7
DA:207,0
DA:208,7
DA:209,0
DA:211,7
DA:214,7
DA:216,7
DA:220,7
DA:221,0
DA:224,7
DA:225,7
DA:226,0
DA:230,7
DA:232,7
DA:234,1
DA:235,1
DA:237,0
DA:238,0
DA:239,0
DA:240,0
DA:243,6
DA:244,0
DA:245,0
DA:247,6
DA:248,0
DA:249,0
DA:251,6
DA:252,6
DA:255,7
DA:256,7
DA:260,6
DA:262,6
DA:264,1
DA:267,4
DA:271,5
DA:272,2
DA:273,2
DA:275,0
DA:279,5
DA:280,5
DA:281,6
DA:282,6
DA:283,0
DA:285,6
DA:286,6
DA:289,5
DA:291,1
DA:292,1
DA:300,1
DA:301,1
DA:304,1
DA:306,1
DA:307,1
DA:309,1
DA:311,0
DA:314,0
DA:315,0
DA:320,1
DA:326,1
DA:327,4
DA:329,4
DA:330,6
DA:331,6
DA:333,6
DA:334,5
DA:337,6
DA:338,5
DA:341,1
DA:342,1
DA:343,0
DA:349,4
DA:350,4
DA:351,5
DA:352,5
DA:353,5
DA:355,5
DA:356,5
DA:357,5
DA:360,5
DA:369,4
LF:144
LH:122
BRDA:36,0,0,12
BRDA:38,1,0,12
BRDA:39,2,0,12
BRDA:40,3,0,12
BRDA:41,4,0,12
BRDA:47,5,0,2
BRDA:47,5,1,10
BRDA:55,6,0,0
BRDA:55,6,1,10
BRDA:67,7,0,12
BRDA:67,7,1,10
BRDA:78,8,0,4
BRDA:78,8,1,5
BRDA:80,9,0,1
BRDA:80,9,1,3
BRDA:82,10,0,1
BRDA:82,10,1,2
BRDA:82,11,0,3
BRDA:82,11,1,2
BRDA:89,12,0,7
BRDA:89,12,1,2
BRDA:115,13,0,6
BRDA:127,14,0,6
BRDA:127,14,1,0
BRDA:157,15,0,0
BRDA:157,15,1,7
BRDA:169,16,0,5
BRDA:169,16,1,0
BRDA:183,17,0,0
BRDA:183,17,1,5
BRDA:196,18,0,0
BRDA:196,18,1,7
BRDA:204,19,0,0
BRDA:204,19,1,7
BRDA:204,20,0,7
BRDA:204,20,1,0
BRDA:206,21,0,0
BRDA:206,21,1,7
BRDA:206,22,0,7
BRDA:206,22,1,0
BRDA:208,23,0,0
BRDA:208,23,1,7
BRDA:216,24,0,7
BRDA:216,24,1,0
BRDA:216,24,2,0
BRDA:220,25,0,0
BRDA:220,25,1,7
BRDA:225,26,0,0
BRDA:225,26,1,7
BRDA:230,27,0,0
BRDA:230,27,1,7
BRDA:232,28,0,1
BRDA:232,28,1,6
BRDA:234,29,0,1
BRDA:234,29,1,0
BRDA:239,30,0,0
BRDA:239,30,1,0
BRDA:243,31,0,0
BRDA:243,31,1,6
BRDA:244,32,0,0
BRDA:244,32,1,0
BRDA:247,33,0,0
BRDA:247,33,1,6
BRDA:248,34,0,0
BRDA:248,34,1,0
BRDA:251,35,0,6
BRDA:251,35,1,0
BRDA:255,36,0,7
BRDA:255,36,1,0
BRDA:262,37,0,1
BRDA:262,37,1,4
BRDA:272,38,0,2
BRDA:272,38,1,0
BRDA:282,39,0,0
BRDA:282,39,1,6
BRDA:307,40,0,1
BRDA:307,40,1,0
BRDA:314,41,0,0
BRDA:314,41,1,0
BRDA:314,42,0,0
BRDA:314,42,1,0
BRDA:333,43,0,5
BRDA:333,43,1,1
BRDA:337,44,0,5
BRDA:337,44,1,1
BRDA:342,45,0,0
BRDA:342,45,1,1
BRDA:364,46,0,5
BRDA:364,46,1,0
BRF:89
BRH:53
end_of_record
TN:
SF:src/utils/scoring.ts
FN:20,calculateTimeScore
FN:33,getScoreTier
FN:59,(anonymous_2)
FN:77,getScoreTierColor
FNF:4
FNH:2
FNDA:0,calculateTimeScore
FNDA:6,getScoreTier
FNDA:0,(anonymous_2)
FNDA:6,getScoreTierColor
DA:25,0
DA:34,6
DA:35,1
DA:37,5
DA:38,1
DA:40,4
DA:41,1
DA:43,3
DA:44,1
DA:46,2
DA:47,1
DA:49,1
DA:59,1
DA:60,0
DA:61,0
DA:63,0
DA:64,0
DA:66,0
DA:67,0
DA:69,0
DA:78,6
DA:79,1
DA:81,5
DA:82,1
DA:84,4
DA:85,1
DA:87,3
DA:88,1
DA:90,2
DA:91,1
DA:93,1
LF:31
LH:23
BRDA:23,0,0,0
BRDA:34,1,0,1
BRDA:34,1,1,5
BRDA:37,2,0,1
BRDA:37,2,1,4
BRDA:40,3,0,1
BRDA:40,3,1,3
BRDA:43,4,0,1
BRDA:43,4,1,2
BRDA:46,5,0,1
BRDA:46,5,1,1
BRDA:60,6,0,0
BRDA:60,6,1,0
BRDA:63,7,0,0
BRDA:63,7,1,0
BRDA:66,8,0,0
BRDA:66,8,1,0
BRDA:78,9,0,1
BRDA:78,9,1,5
BRDA:81,10,0,1
BRDA:81,10,1,4
BRDA:84,11,0,1
BRDA:84,11,1,3
BRDA:87,12,0,1
BRDA:87,12,1,2
BRDA:90,13,0,1
BRDA:90,13,1,1
BRF:27
BRH:20
end_of_record
